#
# There is insufficient memory for the Java Runtime Environment to continue.
# Native memory allocation (mmap) failed to map 65011712 bytes for committing reserved memory.
# Possible reasons:
#   The system is out of physical RAM or swap space
#   The process is running with CompressedOops enabled, and the Java Heap may be blocking the growth of the native heap
# Possible solutions:
#   Reduce memory load on the system
#   Increase physical memory or swap space
#   Check if swap backing store is full
#   Decrease Java heap size (-Xmx/-Xms)
#   Decrease number of Java threads
#   Decrease Java thread stack sizes (-Xss)
#   Set larger code cache with -XX:ReservedCodeCacheSize=
#   JVM is running with Unscaled Compressed Oops mode in which the Java heap is
#     placed in the first 4GB address space. The Java Heap base address is the
#     maximum limit for the native heap growth. Please use -XX:HeapBaseMinAddress
#     to set the Java Heap base and to place the Java Heap above 4GB virtual address.
# This output file may be truncated or incomplete.
#
#  Out of Memory Error (os_linux.cpp:2754), pid=10710, tid=0x00007f30e4bfb700
#
# JRE version: OpenJDK Runtime Environment (8.0_242) (build 1.8.0_242-release-1644-b3-6222593)
# Java VM: OpenJDK 64-Bit Server VM (25.242-b3-6222593 mixed mode linux-amd64 compressed oops)
# Failed to write core dump. Core dumps have been disabled. To enable core dumping, try "ulimit -c unlimited" before starting Java again
#

---------------  T H R E A D  ---------------

Current thread (0x00007f30f4077800):  VMThread [stack: 0x00007f30e4afc000,0x00007f30e4bfc000] [id=10725]

Stack: [0x00007f30e4afc000,0x00007f30e4bfc000],  sp=0x00007f30e4bfa460,  free space=1017k
Native frames: (J=compiled Java code, j=interpreted, Vv=VM code, C=native code)
V  [libjvm.so+0xa1317d]  VMError::report_and_die()+0x15d
V  [libjvm.so+0x4d7bca]  report_vm_out_of_memory(char const*, int, unsigned long, VMErrorType, char const*)+0x8a
V  [libjvm.so+0x878fb8]  os::pd_commit_memory(char*, unsigned long, unsigned long, bool)+0xd8
V  [libjvm.so+0x87088f]  os::commit_memory(char*, unsigned long, unsigned long, bool)+0x1f
V  [libjvm.so+0x8ea5fb]  PSVirtualSpace::expand_by(unsigned long)+0x5b
V  [libjvm.so+0x8eb250]  PSYoungGen::resize_generation(unsigned long, unsigned long)+0xb0
V  [libjvm.so+0x8eb56b]  PSYoungGen::resize(unsigned long, unsigned long)+0x1b
V  [libjvm.so+0x8e7cc8]  PSScavenge::invoke_no_policy()+0xdb8
V  [libjvm.so+0x8e8458]  PSScavenge::invoke()+0x38
V  [libjvm.so+0x89c9e3]  ParallelScavengeHeap::failed_mem_allocate(unsigned long)+0x63
V  [libjvm.so+0xa14d24]  VM_ParallelGCFailedAllocation::doit()+0x84
V  [libjvm.so+0xa191b7]  VM_Operation::evaluate()+0x47
V  [libjvm.so+0xa17b98]  VMThread::evaluate_operation(VM_Operation*)+0x218
V  [libjvm.so+0xa17ff9]  VMThread::loop()+0x219
V  [libjvm.so+0xa18453]  VMThread::run()+0x83
V  [libjvm.so+0x8760c2]  java_start(Thread*)+0xf2

VM_Operation (0x00007f309bbf7c90): ParallelGCFailedAllocation, mode: safepoint, requested by thread 0x00007f3094009000


---------------  P R O C E S S  ---------------

Java Threads: ( => current thread )
  0x00007f308c0c5800 JavaThread "Cache worker for file hash cache (/home/user/AndroidStudioProjects/eNotebook/.gradle/6.5/fileHashes)" [_thread_blocked, id=10751, stack(0x00007f309ad7c000,0x00007f309ae7d000)]
  0x00007f308c291800 JavaThread "Cache worker for file hash cache (/home/user/.gradle/caches/6.5/fileHashes)" [_thread_blocked, id=10749, stack(0x00007f309b2f7000,0x00007f309b3f8000)]
  0x00007f308c1b0000 JavaThread "File lock request listener" [_thread_in_native, id=10747, stack(0x00007f309b3f8000,0x00007f309b4f9000)]
  0x00007f308c1a8800 JavaThread "Cache worker for journal cache (/home/user/.gradle/caches/journal-1)" [_thread_blocked, id=10746, stack(0x00007f309b4f9000,0x00007f309b5fa000)]
  0x00007f308c017800 JavaThread "Thread-9" [_thread_blocked, id=10745, stack(0x00007f309b7fa000,0x00007f309b8fb000)]
  0x00007f308c00d000 JavaThread "Stdin handler" [_thread_blocked, id=10744, stack(0x00007f309b8fb000,0x00007f309b9fc000)]
  0x00007f308c00b000 JavaThread "Asynchronous log dispatcher for DefaultDaemonConnection: socket connection from /127.0.0.1:40353 to /127.0.0.1:57132" [_thread_blocked, id=10743, stack(0x00007f309b9fc000,0x00007f309bafd000)]
  0x00007f3094009000 JavaThread "Daemon worker" [_thread_blocked, id=10740, stack(0x00007f309bafd000,0x00007f309bbfe000)]
  0x00007f3094007000 JavaThread "Cancel handler" [_thread_blocked, id=10739, stack(0x00007f309bbfe000,0x00007f309bcff000)]
  0x00007f3094003800 JavaThread "Handler for socket connection from /127.0.0.1:40353 to /127.0.0.1:57132" [_thread_in_native, id=10738, stack(0x00007f309beff000,0x00007f309c000000)]
  0x00007f309c02b000 JavaThread "Daemon" [_thread_blocked, id=10737, stack(0x00007f30ac00d000,0x00007f30ac10e000)]
  0x00007f30f52ab000 JavaThread "Daemon periodic checks" [_thread_blocked, id=10736, stack(0x00007f30ac10e000,0x00007f30ac20f000)]
  0x00007f30f5288000 JavaThread "Incoming local TCP Connector on port 40353" [_thread_in_native, id=10735, stack(0x00007f30ac20f000,0x00007f30ac310000)]
  0x00007f30f5227800 JavaThread "Daemon health stats" [_thread_blocked, id=10734, stack(0x00007f30ac515000,0x00007f30ac616000)]
  0x00007f30f40f0800 JavaThread "Service Thread" daemon [_thread_blocked, id=10732, stack(0x00007f30e417c000,0x00007f30e427d000)]
  0x00007f30f40e5800 JavaThread "C1 CompilerThread2" daemon [_thread_blocked, id=10731, stack(0x00007f30e427e000,0x00007f30e437e000)]
  0x00007f30f40e3800 JavaThread "C2 CompilerThread1" daemon [_thread_blocked, id=10730, stack(0x00007f30e437f000,0x00007f30e447f000)]
  0x00007f30f40e0800 JavaThread "C2 CompilerThread0" daemon [_thread_blocked, id=10729, stack(0x00007f30e4480000,0x00007f30e4580000)]
  0x00007f30f40de800 JavaThread "Signal Dispatcher" daemon [_thread_blocked, id=10728, stack(0x00007f30e4580000,0x00007f30e4681000)]
  0x00007f30f4086000 JavaThread "Finalizer" daemon [_thread_blocked, id=10727, stack(0x00007f30e48f9000,0x00007f30e49fa000)]
  0x00007f30f4081800 JavaThread "Reference Handler" daemon [_thread_blocked, id=10726, stack(0x00007f30e49fa000,0x00007f30e4afb000)]
  0x00007f30f400a800 JavaThread "main" [_thread_blocked, id=10713, stack(0x00007f30faa7c000,0x00007f30fab7c000)]

Other Threads:
=>0x00007f30f4077800 VMThread [stack: 0x00007f30e4afc000,0x00007f30e4bfc000] [id=10725]
  0x00007f30f40f3000 WatcherThread [stack: 0x00007f30e407c000,0x00007f30e417c000] [id=10733]

VM state:at safepoint (normal execution)

VM Mutex/Monitor currently owned by a thread:  ([mutex/lock_event])
[0x00007f30f4007df0] Threads_lock - owner thread: 0x00007f30f4077800
[0x00007f30f40082f0] Heap_lock - owner thread: 0x00007f3094009000

heap address: 0x0000000080000000, size: 2048 MB, Compressed Oops mode: 32-bit
Narrow klass base: 0x0000000000000000, Narrow klass shift: 3
Compressed class space size: 1073741824 Address: 0x0000000100000000

Heap:
 PSYoungGen      total 67584K, used 7154K [0x00000000d5580000, 0x00000000d9f80000, 0x0000000100000000)
  eden space 60416K, 0% used [0x00000000d5580000,0x00000000d5580000,0x00000000d9080000)
  from space 7168K, 99% used [0x00000000d9080000,0x00000000d977c808,0x00000000d9780000)
  to   space 6144K, 0% used [0x00000000d9780000,0x00000000d9780000,0x00000000d9d80000)
 ParOldGen       total 40960K, used 7677K [0x0000000080000000, 0x0000000082800000, 0x00000000d5580000)
  object space 40960K, 18% used [0x0000000080000000,0x000000008077f558,0x0000000082800000)
 Metaspace       used 20110K, capacity 20780K, committed 20992K, reserved 1067008K
  class space    used 2803K, capacity 3014K, committed 3072K, reserved 1048576K

Card table byte_map: [0x00007f30fa239000,0x00007f30fa63a000] byte_map_base: 0x00007f30f9e39000

Marking Bits: (ParMarkBitMap*) 0x00007f30fb9de7e0
 Begin Bits: [0x00007f30d0000000, 0x00007f30d2000000)
 End Bits:   [0x00007f30d2000000, 0x00007f30d4000000)

Polling page: 0x00007f30fbc50000

CodeCache: size=245760Kb used=5714Kb max_used=5714Kb free=240045Kb
 bounds [0x00007f30e5000000, 0x00007f30e55a0000, 0x00007f30f4000000]
 total_blobs=2109 nmethods=1694 adapters=329
 compilation: enabled

Compilation events (10 events):
Event: 7.028 Thread 0x00007f30f40e5800 nmethod 1693 0x00007f30e5595fd0 code [0x00007f30e5596180, 0x00007f30e5596768]
Event: 7.028 Thread 0x00007f30f40e5800 1691       3       java.util.concurrent.locks.AbstractQueuedSynchronizer$Node::predecessor (19 bytes)
Event: 7.029 Thread 0x00007f30f40e5800 nmethod 1691 0x00007f30e5590bd0 code [0x00007f30e5590d40, 0x00007f30e5590f88]
Event: 7.029 Thread 0x00007f30f40e5800 1692       3       java.util.concurrent.locks.AbstractQueuedSynchronizer::setHead (16 bytes)
Event: 7.029 Thread 0x00007f30f40e5800 nmethod 1692 0x00007f30e5590790 code [0x00007f30e5590900, 0x00007f30e5590ab0]
Event: 7.029 Thread 0x00007f30f40e5800 1688       3       java.util.concurrent.ConcurrentLinkedQueue::updateHead (20 bytes)
Event: 7.029 Thread 0x00007f30f40e5800 nmethod 1688 0x00007f30e5596a50 code [0x00007f30e5596bc0, 0x00007f30e5596eb0]
Event: 7.181 Thread 0x00007f30f40e3800 1697       4       sun.reflect.generics.parser.SignatureParser::parseIdentifier (115 bytes)
Event: 7.181 Thread 0x00007f30f40e5800 1694       3       sun.reflect.generics.parser.SignatureParser::parseTypeSignature (130 bytes)
Event: 7.254 Thread 0x00007f30f40e5800 nmethod 1694 0x00007f30e5597350 code [0x00007f30e55974e0, 0x00007f30e5597788]

GC Heap History (10 events):
Event: 1.978 GC heap after
Heap after GC invocations=2 (full 0):
 PSYoungGen      total 17920K, used 2538K [0x00000000d5580000, 0x00000000d6980000, 0x0000000100000000)
  eden space 15360K, 0% used [0x00000000d5580000,0x00000000d5580000,0x00000000d6480000)
  from space 2560K, 99% used [0x00000000d6700000,0x00000000d697aa88,0x00000000d6980000)
  to   space 2560K, 0% used [0x00000000d6480000,0x00000000d6480000,0x00000000d6700000)
 ParOldGen       total 40960K, used 1104K [0x0000000080000000, 0x0000000082800000, 0x00000000d5580000)
  object space 40960K, 2% used [0x0000000080000000,0x0000000080114098,0x0000000082800000)
 Metaspace       used 7458K, capacity 7688K, committed 7936K, reserved 1056768K
  class space    used 925K, capacity 1007K, committed 1024K, reserved 1048576K
}
Event: 2.137 GC heap before
{Heap before GC invocations=3 (full 0):
 PSYoungGen      total 17920K, used 17898K [0x00000000d5580000, 0x00000000d6980000, 0x0000000100000000)
  eden space 15360K, 100% used [0x00000000d5580000,0x00000000d6480000,0x00000000d6480000)
  from space 2560K, 99% used [0x00000000d6700000,0x00000000d697aa88,0x00000000d6980000)
  to   space 2560K, 0% used [0x00000000d6480000,0x00000000d6480000,0x00000000d6700000)
 ParOldGen       total 40960K, used 1104K [0x0000000080000000, 0x0000000082800000, 0x00000000d5580000)
  object space 40960K, 2% used [0x0000000080000000,0x0000000080114098,0x0000000082800000)
 Metaspace       used 7588K, capacity 7816K, committed 7936K, reserved 1056768K
  class space    used 933K, capacity 1007K, committed 1024K, reserved 1048576K
Event: 2.141 GC heap after
Heap after GC invocations=3 (full 0):
 PSYoungGen      total 17920K, used 2508K [0x00000000d5580000, 0x00000000d7880000, 0x0000000100000000)
  eden space 15360K, 0% used [0x00000000d5580000,0x00000000d5580000,0x00000000d6480000)
  from space 2560K, 97% used [0x00000000d6480000,0x00000000d66f3180,0x00000000d6700000)
  to   space 2560K, 0% used [0x00000000d7600000,0x00000000d7600000,0x00000000d7880000)
 ParOldGen       total 40960K, used 1112K [0x0000000080000000, 0x0000000082800000, 0x00000000d5580000)
  object space 40960K, 2% used [0x0000000080000000,0x0000000080116098,0x0000000082800000)
 Metaspace       used 7588K, capacity 7816K, committed 7936K, reserved 1056768K
  class space    used 933K, capacity 1007K, committed 1024K, reserved 1048576K
}
Event: 2.379 GC heap before
{Heap before GC invocations=4 (full 0):
 PSYoungGen      total 17920K, used 17868K [0x00000000d5580000, 0x00000000d7880000, 0x0000000100000000)
  eden space 15360K, 100% used [0x00000000d5580000,0x00000000d6480000,0x00000000d6480000)
  from space 2560K, 97% used [0x00000000d6480000,0x00000000d66f3180,0x00000000d6700000)
  to   space 2560K, 0% used [0x00000000d7600000,0x00000000d7600000,0x00000000d7880000)
 ParOldGen       total 40960K, used 1112K [0x0000000080000000, 0x0000000082800000, 0x00000000d5580000)
  object space 40960K, 2% used [0x0000000080000000,0x0000000080116098,0x0000000082800000)
 Metaspace       used 7924K, capacity 8224K, committed 8320K, reserved 1056768K
  class space    used 1004K, capacity 1079K, committed 1152K, reserved 1048576K
Event: 2.384 GC heap after
Heap after GC invocations=4 (full 0):
 PSYoungGen      total 33280K, used 2528K [0x00000000d5580000, 0x00000000d7880000, 0x0000000100000000)
  eden space 30720K, 0% used [0x00000000d5580000,0x00000000d5580000,0x00000000d7380000)
  from space 2560K, 98% used [0x00000000d7600000,0x00000000d7878020,0x00000000d7880000)
  to   space 2560K, 0% used [0x00000000d7380000,0x00000000d7380000,0x00000000d7600000)
 ParOldGen       total 40960K, used 2005K [0x0000000080000000, 0x0000000082800000, 0x00000000d5580000)
  object space 40960K, 4% used [0x0000000080000000,0x00000000801f5730,0x0000000082800000)
 Metaspace       used 7924K, capacity 8224K, committed 8320K, reserved 1056768K
  class space    used 1004K, capacity 1079K, committed 1152K, reserved 1048576K
}
Event: 3.027 GC heap before
{Heap before GC invocations=5 (full 0):
 PSYoungGen      total 33280K, used 33248K [0x00000000d5580000, 0x00000000d7880000, 0x0000000100000000)
  eden space 30720K, 100% used [0x00000000d5580000,0x00000000d7380000,0x00000000d7380000)
  from space 2560K, 98% used [0x00000000d7600000,0x00000000d7878020,0x00000000d7880000)
  to   space 2560K, 0% used [0x00000000d7380000,0x00000000d7380000,0x00000000d7600000)
 ParOldGen       total 40960K, used 2005K [0x0000000080000000, 0x0000000082800000, 0x00000000d5580000)
  object space 40960K, 4% used [0x0000000080000000,0x00000000801f5730,0x0000000082800000)
 Metaspace       used 12283K, capacity 12734K, committed 12928K, reserved 1060864K
  class space    used 1659K, capacity 1819K, committed 1920K, reserved 1048576K
Event: 3.040 GC heap after
Heap after GC invocations=5 (full 0):
 PSYoungGen      total 33280K, used 2528K [0x00000000d5580000, 0x00000000d9d80000, 0x0000000100000000)
  eden space 30720K, 0% used [0x00000000d5580000,0x00000000d5580000,0x00000000d7380000)
  from space 2560K, 98% used [0x00000000d7380000,0x00000000d75f8010,0x00000000d7600000)
  to   space 6144K, 0% used [0x00000000d9780000,0x00000000d9780000,0x00000000d9d80000)
 ParOldGen       total 40960K, used 5563K [0x0000000080000000, 0x0000000082800000, 0x00000000d5580000)
  object space 40960K, 13% used [0x0000000080000000,0x000000008056ee00,0x0000000082800000)
 Metaspace       used 12283K, capacity 12734K, committed 12928K, reserved 1060864K
  class space    used 1659K, capacity 1819K, committed 1920K, reserved 1048576K
}
Event: 3.581 GC heap before
{Heap before GC invocations=6 (full 0):
 PSYoungGen      total 33280K, used 33248K [0x00000000d5580000, 0x00000000d9d80000, 0x0000000100000000)
  eden space 30720K, 100% used [0x00000000d5580000,0x00000000d7380000,0x00000000d7380000)
  from space 2560K, 98% used [0x00000000d7380000,0x00000000d75f8010,0x00000000d7600000)
  to   space 6144K, 0% used [0x00000000d9780000,0x00000000d9780000,0x00000000d9d80000)
 ParOldGen       total 40960K, used 5563K [0x0000000080000000, 0x0000000082800000, 0x00000000d5580000)
  object space 40960K, 13% used [0x0000000080000000,0x000000008056ee00,0x0000000082800000)
 Metaspace       used 15659K, capacity 16312K, committed 16640K, reserved 1062912K
  class space    used 2063K, capacity 2240K, committed 2304K, reserved 1048576K
Event: 3.593 GC heap after
Heap after GC invocations=6 (full 0):
 PSYoungGen      total 66560K, used 5771K [0x00000000d5580000, 0x00000000d9f80000, 0x0000000100000000)
  eden space 60416K, 0% used [0x00000000d5580000,0x00000000d5580000,0x00000000d9080000)
  from space 6144K, 93% used [0x00000000d9780000,0x00000000d9d22d08,0x00000000d9d80000)
  to   space 7168K, 0% used [0x00000000d9080000,0x00000000d9080000,0x00000000d9780000)
 ParOldGen       total 40960K, used 5571K [0x0000000080000000, 0x0000000082800000, 0x00000000d5580000)
  object space 40960K, 13% used [0x0000000080000000,0x0000000080570e00,0x0000000082800000)
 Metaspace       used 15659K, capacity 16312K, committed 16640K, reserved 1062912K
  class space    used 2063K, capacity 2240K, committed 2304K, reserved 1048576K
}
Event: 7.265 GC heap before
{Heap before GC invocations=7 (full 0):
 PSYoungGen      total 66560K, used 66187K [0x00000000d5580000, 0x00000000d9f80000, 0x0000000100000000)
  eden space 60416K, 100% used [0x00000000d5580000,0x00000000d9080000,0x00000000d9080000)
  from space 6144K, 93% used [0x00000000d9780000,0x00000000d9d22d08,0x00000000d9d80000)
  to   space 7168K, 0% used [0x00000000d9080000,0x00000000d9080000,0x00000000d9780000)
 ParOldGen       total 40960K, used 5571K [0x0000000080000000, 0x0000000082800000, 0x00000000d5580000)
  object space 40960K, 13% used [0x0000000080000000,0x0000000080570e00,0x0000000082800000)
 Metaspace       used 20110K, capacity 20780K, committed 20992K, reserved 1067008K
  class space    used 2803K, capacity 3014K, committed 3072K, reserved 1048576K

Deoptimization events (10 events):
Event: 3.285 Thread 0x00007f3094009000 Uncommon trap: reason=class_check action=maybe_recompile pc=0x00007f30e53087e8 method=java.util.regex.Matcher.match(II)Z @ 86
Event: 3.305 Thread 0x00007f3094009000 Uncommon trap: reason=class_check action=maybe_recompile pc=0x00007f30e53087e8 method=java.util.regex.Matcher.match(II)Z @ 86
Event: 3.306 Thread 0x00007f3094009000 Uncommon trap: reason=class_check action=maybe_recompile pc=0x00007f30e53087e8 method=java.util.regex.Matcher.match(II)Z @ 86
Event: 3.306 Thread 0x00007f3094009000 Uncommon trap: reason=class_check action=maybe_recompile pc=0x00007f30e51b76dc method=java.util.regex.Matcher.match(II)Z @ 86
Event: 3.506 Thread 0x00007f3094009000 Uncommon trap: reason=unstable_if action=reinterpret pc=0x00007f30e52fcf44 method=java.io.File.getName()Ljava/lang/String; @ 16
Event: 3.506 Thread 0x00007f3094009000 Uncommon trap: reason=unstable_if action=reinterpret pc=0x00007f30e52f5614 method=java.lang.String.substring(I)Ljava/lang/String; @ 35
Event: 5.479 Thread 0x00007f3094009000 Uncommon trap: reason=unstable_if action=reinterpret pc=0x00007f30e5300eb4 method=java.util.LinkedHashMap.afterNodeInsertion(Z)V @ 1
Event: 5.487 Thread 0x00007f3094009000 Uncommon trap: reason=unstable_if action=reinterpret pc=0x00007f30e526f61c method=java.util.HashMap.getNode(ILjava/lang/Object;)Ljava/util/HashMap$Node; @ 129
Event: 5.539 Thread 0x00007f3094009000 Uncommon trap: reason=unstable_if action=reinterpret pc=0x00007f30e52679ac method=java.util.HashMap.getNode(ILjava/lang/Object;)Ljava/util/HashMap$Node; @ 129
Event: 6.106 Thread 0x00007f3094009000 Uncommon trap: reason=unstable_if action=reinterpret pc=0x00007f30e548c284 method=java.util.jar.Attributes$Name.isDigit(C)Z @ 3

Classes redefined (0 events):
No events

Internal exceptions (10 events):
Event: 2.798 Thread 0x00007f3094003800 Exception <a 'java/lang/NoSuchMethodError': <clinit>> (0x00000000d6ba6058) thrown at [/buildbot/src/googleplex-android/openjdk/out/hotspot/src/share/vm/prims/jni.cpp, line 1615]
Event: 2.814 Thread 0x00007f3094003800 Exception <a 'java/lang/NoSuchMethodError': <clinit>> (0x00000000d6c13cd0) thrown at [/buildbot/src/googleplex-android/openjdk/out/hotspot/src/share/vm/prims/jni.cpp, line 1615]
Event: 2.862 Thread 0x00007f3094003800 Exception <a 'java/lang/NoSuchMethodError': <clinit>> (0x00000000d6c4e5e0) thrown at [/buildbot/src/googleplex-android/openjdk/out/hotspot/src/share/vm/prims/jni.cpp, line 1615]
Event: 2.870 Thread 0x00007f3094003800 Exception <a 'java/lang/NoSuchMethodError': <clinit>> (0x00000000d6c84208) thrown at [/buildbot/src/googleplex-android/openjdk/out/hotspot/src/share/vm/prims/jni.cpp, line 1615]
Event: 2.872 Thread 0x00007f3094003800 Exception <a 'java/lang/NoSuchMethodError': <clinit>> (0x00000000d6c90738) thrown at [/buildbot/src/googleplex-android/openjdk/out/hotspot/src/share/vm/prims/jni.cpp, line 1615]
Event: 3.550 Thread 0x00007f3094009000 Exception <a 'java/lang/NoSuchMethodError': java.lang.Object.lambda$and$0(Ljava/util/function/Predicate;Ljava/lang/Object;)Z> (0x00000000d7230010) thrown at [/buildbot/src/googleplex-android/openjdk/out/hotspot/src/share/vm/interpreter/linkResolver.cpp, l
Event: 3.562 Thread 0x00007f3094009000 Exception <a 'java/lang/IncompatibleClassChangeError': Found class java.lang.Object, but interface was expected> (0x00000000d7240300) thrown at [/buildbot/src/googleplex-android/openjdk/out/hotspot/src/share/vm/interpreter/linkResolver.cpp, line 653]
Event: 3.565 Thread 0x00007f3094009000 Exception <a 'java/lang/NoSuchMethodError': java.lang.Object.lambda$or$2(Ljava/util/function/Predicate;Ljava/lang/Object;)Z> (0x00000000d7244e50) thrown at [/buildbot/src/googleplex-android/openjdk/out/hotspot/src/share/vm/interpreter/linkResolver.cpp, li
Event: 5.815 Thread 0x00007f3094009000 Exception <a 'java/lang/NoSuchMethodError': java.lang.Object.lambda$static$0(Lorg/gradle/internal/state/ModelObject;)Ljava/lang/String;> (0x00000000d6d35588) thrown at [/buildbot/src/googleplex-android/openjdk/out/hotspot/src/share/vm/interpreter/linkReso
Event: 6.456 Thread 0x00007f3094009000 Exception <a 'java/lang/NoSuchMethodError': java.lang.Object.lambda$static$1(Lorg/gradle/internal/snapshot/SnapshotHierarchy$DiffCapturingUpdateFunction;)Lorg/gradle/internal/snapshot/AtomicSnapshotHierarchyReference$UpdateFunction;> (0x00000000d8453908) 

Events (10 events):
Event: 7.158 loading class org/gradle/api/internal/artifacts/ComponentModuleMetadataProcessor done
Event: 7.158 loading class org/gradle/api/artifacts/dsl/ArtifactHandler
Event: 7.158 loading class org/gradle/api/artifacts/dsl/ArtifactHandler done
Event: 7.191 loading class org/gradle/api/internal/artifacts/DefaultDependencyManagementServices$DefaultDependencyResolutionServices
Event: 7.191 loading class org/gradle/api/internal/artifacts/DefaultDependencyManagementServices$DefaultDependencyResolutionServices done
Event: 7.225 loading class org/gradle/api/internal/initialization/DefaultScriptHandler
Event: 7.225 loading class org/gradle/api/internal/initialization/DefaultScriptHandler done
Event: 7.241 loading class org/gradle/internal/resource/UriTextResource$UriResourceLocation
Event: 7.241 loading class org/gradle/internal/resource/UriTextResource$UriResourceLocation done
Event: 7.262 Executing VM operation: ParallelGCFailedAllocation


Dynamic libraries:
00400000-00401000 r-xp 00000000 08:02 9700824                            /app/extra/android-studio/jre/bin/java
00401000-00402000 r--p 00000000 08:02 9700824                            /app/extra/android-studio/jre/bin/java
00402000-00403000 rw-p 00001000 08:02 9700824                            /app/extra/android-studio/jre/bin/java
00b1f000-00b40000 rw-p 00000000 00:00 0                                  [heap]
80000000-82800000 rw-p 00000000 00:00 0 
82800000-d5580000 ---p 00000000 00:00 0 
d5580000-d9f80000 rw-p 00000000 00:00 0 
ddd80000-100000000 ---p 00000000 00:00 0 
100000000-100300000 rw-p 00000000 00:00 0 
100300000-140000000 ---p 00000000 00:00 0 
7f3068000000-7f3068021000 rw-p 00000000 00:00 0 
7f3068021000-7f306c000000 ---p 00000000 00:00 0 
7f3070000000-7f3070021000 rw-p 00000000 00:00 0 
7f3070021000-7f3074000000 ---p 00000000 00:00 0 
7f3074000000-7f3074021000 rw-p 00000000 00:00 0 
7f3074021000-7f3078000000 ---p 00000000 00:00 0 
7f3078000000-7f3078021000 rw-p 00000000 00:00 0 
7f3078021000-7f307c000000 ---p 00000000 00:00 0 
7f307c000000-7f307c021000 rw-p 00000000 00:00 0 
7f307c021000-7f3080000000 ---p 00000000 00:00 0 
7f3080000000-7f30803e0000 rw-p 00000000 00:00 0 
7f30803e0000-7f3084000000 ---p 00000000 00:00 0 
7f3084000000-7f3084021000 rw-p 00000000 00:00 0 
7f3084021000-7f3088000000 ---p 00000000 00:00 0 
7f3088000000-7f3088021000 rw-p 00000000 00:00 0 
7f3088021000-7f308c000000 ---p 00000000 00:00 0 
7f308c000000-7f308c586000 rw-p 00000000 00:00 0 
7f308c586000-7f3090000000 ---p 00000000 00:00 0 
7f3090000000-7f3090021000 rw-p 00000000 00:00 0 
7f3090021000-7f3094000000 ---p 00000000 00:00 0 
7f3094000000-7f3094021000 rw-p 00000000 00:00 0 
7f3094021000-7f3098000000 ---p 00000000 00:00 0 
7f309ad4c000-7f309ad7c000 r--p 00000000 08:02 6820734                    /usr/share/runtime/locale/ru/share/ru/LC_MESSAGES/libc.mo
7f309ad7c000-7f309ad7f000 ---p 00000000 00:00 0 
7f309ad7f000-7f309ae7d000 rw-p 00000000 00:00 0 
7f309ae7d000-7f309aef7000 r--s 01104000 08:02 9700782                    /app/extra/android-studio/jre/lib/tools.jar
7f309aef7000-7f309b077000 rw-p 00000000 00:00 0 
7f309b077000-7f309b0f7000 ---p 00000000 00:00 0 
7f309b0f7000-7f309b2f7000 rw-p 00000000 00:00 0 
7f309b2f7000-7f309b2fa000 ---p 00000000 00:00 0 
7f309b2fa000-7f309b3f8000 rw-p 00000000 00:00 0 
7f309b3f8000-7f309b3fb000 ---p 00000000 00:00 0 
7f309b3fb000-7f309b4f9000 rw-p 00000000 00:00 0 
7f309b4f9000-7f309b4fc000 ---p 00000000 00:00 0 
7f309b4fc000-7f309b7fa000 rw-p 00000000 00:00 0 
7f309b7fa000-7f309b7fd000 ---p 00000000 00:00 0 
7f309b7fd000-7f309b8fb000 rw-p 00000000 00:00 0 
7f309b8fb000-7f309b8fe000 ---p 00000000 00:00 0 
7f309b8fe000-7f309b9fc000 rw-p 00000000 00:00 0 
7f309b9fc000-7f309b9ff000 ---p 00000000 00:00 0 
7f309b9ff000-7f309bafd000 rw-p 00000000 00:00 0 
7f309bafd000-7f309bb00000 ---p 00000000 00:00 0 
7f309bb00000-7f309bbfe000 rw-p 00000000 00:00 0 
7f309bbfe000-7f309bc01000 ---p 00000000 00:00 0 
7f309bc01000-7f309beff000 rw-p 00000000 00:00 0 
7f309beff000-7f309bf02000 ---p 00000000 00:00 0 
7f309bf02000-7f309c000000 rw-p 00000000 00:00 0 
7f309c000000-7f309c068000 rw-p 00000000 00:00 0 
7f309c068000-7f30a0000000 ---p 00000000 00:00 0 
7f30a0000000-7f30a0021000 rw-p 00000000 00:00 0 
7f30a0021000-7f30a4000000 ---p 00000000 00:00 0 
7f30a4000000-7f30a4021000 rw-p 00000000 00:00 0 
7f30a4021000-7f30a8000000 ---p 00000000 00:00 0 
7f30a8000000-7f30a8021000 rw-p 00000000 00:00 0 
7f30a8021000-7f30ac000000 ---p 00000000 00:00 0 
7f30ac00d000-7f30ac010000 ---p 00000000 00:00 0 
7f30ac010000-7f30ac10e000 rw-p 00000000 00:00 0 
7f30ac10e000-7f30ac111000 ---p 00000000 00:00 0 
7f30ac111000-7f30ac20f000 rw-p 00000000 00:00 0 
7f30ac20f000-7f30ac212000 ---p 00000000 00:00 0 
7f30ac212000-7f30ac310000 rw-p 00000000 00:00 0 
7f30ac310000-7f30ac315000 r--s 000a3000 08:02 9700737                    /app/extra/android-studio/jre/jre/lib/jsse.jar
7f30ac315000-7f30ac515000 rw-p 00000000 00:00 0 
7f30ac515000-7f30ac518000 ---p 00000000 00:00 0 
7f30ac518000-7f30ac616000 rw-p 00000000 00:00 0 
7f30ac616000-7f30ac61e000 r-xp 00000000 08:02 9700684                    /app/extra/android-studio/jre/jre/lib/amd64/libmanagement.so
7f30ac61e000-7f30ac61f000 r--p 00007000 08:02 9700684                    /app/extra/android-studio/jre/jre/lib/amd64/libmanagement.so
7f30ac61f000-7f30ac620000 rw-p 00008000 08:02 9700684                    /app/extra/android-studio/jre/jre/lib/amd64/libmanagement.so
7f30ac620000-7f30ac622000 r--s 00010000 08:02 3809096                    /home/user/.gradle/wrapper/dists/gradle-6.5-bin/6nifqtx7604sqp1q6g8wikw7p/gradle-6.5/lib/plugins/gradle-tooling-api-builders-6.5.jar
7f30ac622000-7f30ac636000 r--s 0014c000 08:02 3809080                    /home/user/.gradle/wrapper/dists/gradle-6.5-bin/6nifqtx7604sqp1q6g8wikw7p/gradle-6.5/lib/plugins/gradle-instant-execution-6.5.jar
7f30ac636000-7f30ac637000 r--s 00005000 08:02 3809072                    /home/user/.gradle/wrapper/dists/gradle-6.5-bin/6nifqtx7604sqp1q6g8wikw7p/gradle-6.5/lib/plugins/gradle-build-profile-6.5.jar
7f30ac637000-7f30ac639000 r--s 00003000 08:02 3809076                    /home/user/.gradle/wrapper/dists/gradle-6.5-bin/6nifqtx7604sqp1q6g8wikw7p/gradle-6.5/lib/plugins/gradle-tooling-native-6.5.jar
7f30ac639000-7f30ac63d000 r--s 00017000 08:02 3809081                    /home/user/.gradle/wrapper/dists/gradle-6.5-bin/6nifqtx7604sqp1q6g8wikw7p/gradle-6.5/lib/plugins/gradle-testing-native-6.5.jar
7f30ac63d000-7f30ac63e000 r--s 00001000 08:02 3809191                    /home/user/.gradle/wrapper/dists/gradle-6.5-bin/6nifqtx7604sqp1q6g8wikw7p/gradle-6.5/lib/plugins/opentest4j-1.2.0.jar
7f30ac63e000-7f30ac641000 r--s 0001b000 08:02 3809163                    /home/user/.gradle/wrapper/dists/gradle-6.5-bin/6nifqtx7604sqp1q6g8wikw7p/gradle-6.5/lib/plugins/junit-platform-launcher-1.6.0.jar
7f30ac641000-7f30ac646000 r--s 00026000 08:02 3809161                    /home/user/.gradle/wrapper/dists/gradle-6.5-bin/6nifqtx7604sqp1q6g8wikw7p/gradle-6.5/lib/plugins/junit-platform-engine-1.6.0.jar
7f30ac646000-7f30ac648000 r--s 00016000 08:02 3809162                    /home/user/.gradle/wrapper/dists/gradle-6.5-bin/6nifqtx7604sqp1q6g8wikw7p/gradle-6.5/lib/plugins/junit-platform-commons-1.6.0.jar
7f30ac648000-7f30ac649000 r--s 00000000 08:02 3809190                    /home/user/.gradle/wrapper/dists/gradle-6.5-bin/6nifqtx7604sqp1q6g8wikw7p/gradle-6.5/lib/plugins/apiguardian-api-1.1.0.jar
7f30ac649000-7f30ac64a000 r--s 00003000 08:02 3809095                    /home/user/.gradle/wrapper/dists/gradle-6.5-bin/6nifqtx7604sqp1q6g8wikw7p/gradle-6.5/lib/plugins/gradle-testing-junit-platform-6.5.jar
7f30ac64a000-7f30ac64d000 r--s 00009000 08:02 3809089                    /home/user/.gradle/wrapper/dists/gradle-6.5-bin/6nifqtx7604sqp1q6g8wikw7p/gradle-6.5/lib/plugins/gradle-signing-6.5.jar
7f30ac64d000-7f30ac64f000 r--s 0000a000 08:02 3809091                    /home/user/.gradle/wrapper/dists/gradle-6.5-bin/6nifqtx7604sqp1q6g8wikw7p/gradle-6.5/lib/plugins/gradle-scala-6.5.jar
7f30ac64f000-7f30ac650000 r--s 00004000 08:02 3809115                    /home/user/.gradle/wrapper/dists/gradle-6.5-bin/6nifqtx7604sqp1q6g8wikw7p/gradle-6.5/lib/plugins/gradle-resources-sftp-6.5.jar
7f30ac650000-7f30ac652000 r--s 00005000 08:02 3809150                    /home/user/.gradle/wrapper/dists/gradle-6.5-bin/6nifqtx7604sqp1q6g8wikw7p/gradle-6.5/lib/plugins/jmespath-java-1.11.633.jar
7f30ac652000-7f30ac65c000 r--s 00081000 08:02 3809189                    /home/user/.gradle/wrapper/dists/gradle-6.5-bin/6nifqtx7604sqp1q6g8wikw7p/gradle-6.5/lib/plugins/ion-java-1.0.2.jar
7f30ac65c000-7f30ac673000 r--s 000e1000 08:02 3809123                    /home/user/.gradle/wrapper/dists/gradle-6.5-bin/6nifqtx7604sqp1q6g8wikw7p/gradle-6.5/lib/plugins/aws-java-sdk-s3-1.11.633.jar
7f30ac673000-7f30ac67e000 r--s 00074000 08:02 3809124                    /home/user/.gradle/wrapper/dists/gradle-6.5-bin/6nifqtx7604sqp1q6g8wikw7p/gradle-6.5/lib/plugins/aws-java-sdk-kms-1.11.633.jar
7f30ac67e000-7f30ac695000 r--s 000d5000 08:02 3809125                    /home/user/.gradle/wrapper/dists/gradle-6.5-bin/6nifqtx7604sqp1q6g8wikw7p/gradle-6.5/lib/plugins/aws-java-sdk-core-1.11.633.jar
7f30ac695000-7f30ac697000 r--s 00004000 08:02 3809112                    /home/user/.gradle/wrapper/dists/gradle-6.5-bin/6nifqtx7604sqp1q6g8wikw7p/gradle-6.5/lib/plugins/gradle-resources-s3-6.5.jar
7f30ac697000-7f30ac6a7000 r--s 0008d000 08:02 3809154                    /home/user/.gradle/wrapper/dists/gradle-6.5-bin/6nifqtx7604sqp1q6g8wikw7p/gradle-6.5/lib/plugins/joda-time-2.10.4.jar
7f30ac6a7000-7f30ac6bc000 r--s 00142000 08:02 3809151                    /home/user/.gradle/wrapper/dists/gradle-6.5-bin/6nifqtx7604sqp1q6g8wikw7p/gradle-6.5/lib/plugins/jackson-databind-2.10.2.jar
7f30ac6bc000-7f30ac6c1000 r--s 00051000 08:02 3809152                    /home/user/.gradle/wrapper/dists/gradle-6.5-bin/6nifqtx7604sqp1q6g8wikw7p/gradle-6.5/lib/plugins/jackson-core-2.10.2.jar
7f30ac6c1000-7f30ac6c4000 r--s 0000e000 08:02 3809153                    /home/user/.gradle/wrapper/dists/gradle-6.5-bin/6nifqtx7604sqp1q6g8wikw7p/gradle-6.5/lib/plugins/jackson-annotations-2.10.2.jar
7f30ac6c4000-7f30ac6c7000 r--s 0000d000 08:02 3809126                    /home/user/.gradle/wrapper/dists/gradle-6.5-bin/6nifqtx7604sqp1q6g8wikw7p/gradle-6.5/lib/plugins/google-oauth-client-1.25.0.jar
7f30ac6c7000-7f30ac6c8000 r--s 00001000 08:02 3809127                    /home/user/.gradle/wrapper/dists/gradle-6.5-bin/6nifqtx7604sqp1q6g8wikw7p/gradle-6.5/lib/plugins/google-http-client-jackson2-1.25.0.jar
7f30ac6c8000-7f30ac6d2000 r--s 00056000 08:02 3809128                    /home/user/.gradle/wrapper/dists/gradle-6.5-bin/6nifqtx7604sqp1q6g8wikw7p/gradle-6.5/lib/plugins/google-http-client-1.25.0.jar
7f30ac6d2000-7f30ac6d6000 r--s 0001d000 08:02 3809121                    /home/user/.gradle/wrapper/dists/gradle-6.5-bin/6nifqtx7604sqp1q6g8wikw7p/gradle-6.5/lib/plugins/google-api-services-storage-v1-rev136-1.25.0.jar
7f30ac6d6000-7f30ac6db000 r--s 0002d000 08:02 3809122                    /home/user/.gradle/wrapper/dists/gradle-6.5-bin/6nifqtx7604sqp1q6g8wikw7p/gradle-6.5/lib/plugins/google-api-client-1.25.0.jar
7f30ac6db000-7f30ac6dd000 r--s 00003000 08:02 3809111                    /home/user/.gradle/wrapper/dists/gradle-6.5-bin/6nifqtx7604sqp1q6g8wikw7p/gradle-6.5/lib/plugins/gradle-resources-gcs-6.5.jar
7f30ac6dd000-7f30ac6e4000 r--s 00030000 08:02 3809087                    /home/user/.gradle/wrapper/dists/gradle-6.5-bin/6nifqtx7604sqp1q6g8wikw7p/gradle-6.5/lib/plugins/gradle-platform-play-6.5.jar
7f30ac6e4000-7f30ac6f6000 r--s 00078000 08:02 3809101                    /home/user/.gradle/wrapper/dists/gradle-6.5-bin/6nifqtx7604sqp1q6g8wikw7p/gradle-6.5/lib/plugins/gradle-platform-native-6.5.jar
7f30ac6f6000-7f30ac6f9000 r--s 0000f000 08:02 3809094                    /home/user/.gradle/wrapper/dists/gradle-6.5-bin/6nifqtx7604sqp1q6g8wikw7p/gradle-6.5/lib/plugins/gradle-language-scala-6.5.jar
7f30ac6f9000-7f30ac705000 r--s 00053000 08:02 3809082                    /home/user/.gradle/wrapper/dists/gradle-6.5-bin/6nifqtx7604sqp1q6g8wikw7p/gradle-6.5/lib/plugins/gradle-language-native-6.5.jar
7f30ac705000-7f30ac70c000 r--s 00035000 08:02 3809143                    /home/user/.gradle/wrapper/dists/gradle-6.5-bin/6nifqtx7604sqp1q6g8wikw7p/gradle-6.5/lib/plugins/simple-4.1.21.jar
7f30ac70c000-7f30ac719000 r--s 00125000 08:02 3809142                    /home/user/.gradle/wrapper/dists/gradle-6.5-bin/6nifqtx7604sqp1q6g8wikw7p/gradle-6.5/lib/plugins/rhino-1.7.10.jar
7f30ac719000-7f30ac71d000 r--s 00012000 08:02 3809088                    /home/user/.gradle/wrapper/dists/gradle-6.5-bin/6nifqtx7604sqp1q6g8wikw7p/gradle-6.5/lib/plugins/gradle-javascript-6.5.jar
7f30ac71d000-7f30ac720000 r--s 00011000 08:02 3809086                    /home/user/.gradle/wrapper/dists/gradle-6.5-bin/6nifqtx7604sqp1q6g8wikw7p/gradle-6.5/lib/plugins/gradle-jacoco-6.5.jar
7f30ac720000-7f30ac722000 r--s 00002000 08:02 3809075                    /home/user/.gradle/wrapper/dists/gradle-6.5-bin/6nifqtx7604sqp1q6g8wikw7p/gradle-6.5/lib/plugins/gradle-ide-play-6.5.jar
7f30ac722000-7f30ac724000 r--s 00011000 08:02 3809141                    /home/user/.gradle/wrapper/dists/gradle-6.5-bin/6nifqtx7604sqp1q6g8wikw7p/gradle-6.5/lib/plugins/dd-plist-1.21.jar
7f30ac724000-7f30ac72b000 r--s 00035000 08:02 3809074                    /home/user/.gradle/wrapper/dists/gradle-6.5-bin/6nifqtx7604sqp1q6g8wikw7p/gradle-6.5/lib/plugins/gradle-ide-native-6.5.jar
7f30ac72b000-7f30ac736000 r--s 00064000 08:02 3809077                    /home/user/.gradle/wrapper/dists/gradle-6.5-bin/6nifqtx7604sqp1q6g8wikw7p/gradle-6.5/lib/plugins/gradle-ide-6.5.jar
7f30ac736000-7f30ac738000 r--s 00007000 08:02 3809078                    /home/user/.gradle/wrapper/dists/gradle-6.5-bin/6nifqtx7604sqp1q6g8wikw7p/gradle-6.5/lib/plugins/gradle-ear-6.5.jar
7f30ac738000-7f30ac73b000 r--s 00019000 08:02 3809073                    /home/user/.gradle/wrapper/dists/gradle-6.5-bin/6nifqtx7604sqp1q6g8wikw7p/gradle-6.5/lib/plugins/gradle-code-quality-6.5.jar
7f30ac73b000-7f30ac73d000 r--s 0000b000 08:02 3809132                    /home/user/.gradle/wrapper/dists/gradle-6.5-bin/6nifqtx7604sqp1q6g8wikw7p/gradle-6.5/lib/plugins/maven-plugin-api-3.0.5.jar
7f30ac73d000-7f30ac743000 r--s 0003f000 08:02 3809131                    /home/user/.gradle/wrapper/dists/gradle-6.5-bin/6nifqtx7604sqp1q6g8wikw7p/gradle-6.5/lib/plugins/maven-compat-3.0.5.jar
7f30ac743000-7f30ac74c000 r--s 0003b000 08:02 3809071                    /home/user/.gradle/wrapper/dists/gradle-6.5-bin/6nifqtx7604sqp1q6g8wikw7p/gradle-6.5/lib/plugins/gradle-build-init-6.5.jar
7f30ac74c000-7f30ac74d000 r--s 00003000 08:02 3808643                    /home/user/.gradle/wrapper/dists/gradle-6.5-bin/6nifqtx7604sqp1q6g8wikw7p/gradle-6.5/lib/plugins/gradle-build-cache-http-6.5.jar
7f30ac74d000-7f30ac74f000 r--s 00009000 08:02 3808642                    /home/user/.gradle/wrapper/dists/gradle-6.5-bin/6nifqtx7604sqp1q6g8wikw7p/gradle-6.5/lib/plugins/gradle-antlr-6.5.jar
7f30ac74f000-7f30ac752000 r--s 0001c000 08:02 3809079                    /home/user/.gradle/wrapper/dists/gradle-6.5-bin/6nifqtx7604sqp1q6g8wikw7p/gradle-6.5/lib/plugins/gradle-kotlin-dsl-tooling-builders-6.5.jar
7f30ac752000-7f30ac756000 r--s 00021000 08:02 3809188                    /home/user/.gradle/wrapper/dists/gradle-6.5-bin/6nifqtx7604sqp1q6g8wikw7p/gradle-6.5/lib/plugins/xbean-reflect-3.7.jar
7f30ac756000-7f30ac758000 r--s 0000c000 08:02 3809186                    /home/user/.gradle/wrapper/dists/gradle-6.5-bin/6nifqtx7604sqp1q6g8wikw7p/gradle-6.5/lib/plugins/wagon-provider-api-3.0.0.jar
7f30ac758000-7f30ac759000 r--s 00008000 08:02 3809120                    /home/user/.gradle/wrapper/dists/gradle-6.5-bin/6nifqtx7604sqp1q6g8wikw7p/gradle-6.5/lib/plugins/wagon-http-shared-3.0.0.jar
7f30ac759000-7f30ac75a000 r--s 00002000 08:02 3809119                    /home/user/.gradle/wrapper/dists/gradle-6.5-bin/6nifqtx7604sqp1q6g8wikw7p/gradle-6.5/lib/plugins/wagon-http-3.0.0.jar
7f30ac75a000-7f30ac75b000 r--s 00002000 08:02 3809146                    /home/user/.gradle/wrapper/dists/gradle-6.5-bin/6nifqtx7604sqp1q6g8wikw7p/gradle-6.5/lib/plugins/wagon-file-3.0.0.jar
7f30ac75b000-7f30ac75e000 r--s 0000c000 08:02 3809145                    /home/user/.gradle/wrapper/dists/gradle-6.5-bin/6nifqtx7604sqp1q6g8wikw7p/gradle-6.5/lib/plugins/pmaven-groovy-0.8-20100325.jar
7f30ac75e000-7f30ac75f000 r--s 00004000 08:02 3809144                    /home/user/.gradle/wrapper/dists/gradle-6.5-bin/6nifqtx7604sqp1q6g8wikw7p/gradle-6.5/lib/plugins/pmaven-common-0.8-20100325.jar
7f30ac75f000-7f30ac766000 r--s 00032000 08:02 3809130                    /home/user/.gradle/wrapper/dists/gradle-6.5-bin/6nifqtx7604sqp1q6g8wikw7p/gradle-6.5/lib/plugins/plexus-container-default-1.7.1.jar
7f30ac766000-7f30ac769000 r--s 0000a000 08:02 3809183                    /home/user/.gradle/wrapper/dists/gradle-6.5-bin/6nifqtx7604sqp1q6g8wikw7p/gradle-6.5/lib/plugins/plexus-classworlds-2.5.1.jar
7f30ac769000-7f30ac76b000 r--s 00006000 08:02 3809147                    /home/user/.gradle/wrapper/dists/gradle-6.5-bin/6nifqtx7604sqp1q6g8wikw7p/gradle-6.5/lib/plugins/aether-connector-wagon-1.13.1.jar
7f30ac76b000-7f30ac772000 r--s 00030000 08:02 3809090                    /home/user/.gradle/wrapper/dists/gradle-6.5-bin/6nifqtx7604sqp1q6g8wikw7p/gradle-6.5/lib/plugins/gradle-maven-6.5.jar
7f30ac772000-7f30ac774000 r--s 0000b000 08:02 3809106                    /home/user/.gradle/wrapper/dists/gradle-6.5-bin/6nifqtx7604sqp1q6g8wikw7p/gradle-6.5/lib/plugins/gradle-publish-6.5.jar
7f30ac774000-7f30ac77d000 r--s 00089000 08:02 3809148                    /home/user/.gradle/wrapper/dists/gradle-6.5-bin/6nifqtx7604sqp1q6g8wikw7p/gradle-6.5/lib/plugins/testng-6.3.1.jar
7f30ac77d000-7f30ac783000 r--s 0003d000 08:02 3809149                    /home/user/.gradle/wrapper/dists/gradle-6.5-bin/6nifqtx7604sqp1q6g8wikw7p/gradle-6.5/lib/plugins/snakeyaml-1.17.jar
7f30ac783000-7f30ac78d000 r--s 00054000 08:02 3809160                    /home/user/.gradle/wrapper/dists/gradle-6.5-bin/6nifqtx7604sqp1q6g8wikw7p/gradle-6.5/lib/plugins/junit-4.13.jar
7f30ac78d000-7f30ac78f000 r--s 0000f000 08:02 3809173                    /home/user/.gradle/wrapper/dists/gradle-6.5-bin/6nifqtx7604sqp1q6g8wikw7p/gradle-6.5/lib/plugins/jcommander-1.72.jar
7f30ac78f000-7f30ac791000 r--s 00009000 08:02 3809171                    /home/user/.gradle/wrapper/dists/gradle-6.5-bin/6nifqtx7604sqp1q6g8wikw7p/gradle-6.5/lib/plugins/hamcrest-core-1.3.jar
7f30ac791000-7f30ac796000 r--s 0005a000 08:02 3809164                    /home/user/.gradle/wrapper/dists/gradle-6.5-bin/6nifqtx7604sqp1q6g8wikw7p/gradle-6.5/lib/plugins/bsh-2.0b6.jar
7f30ac796000-7f30ac79a000 r--s 0001d000 08:02 3809097                    /home/user/.gradle/wrapper/dists/gradle-6.5-bin/6nifqtx7604sqp1q6g8wikw7p/gradle-6.5/lib/plugins/gradle-testing-jvm-6.5.jar
7f30ac79a000-7f30ac7a2000 r--s 00035000 08:02 3809103                    /home/user/.gradle/wrapper/dists/gradle-6.5-bin/6nifqtx7604sqp1q6g8wikw7p/gradle-6.5/lib/plugins/gradle-testing-base-6.5.jar
7f30ac7a2000-7f30ac7a6000 r--s 0001d000 08:02 3809100                    /home/user/.gradle/wrapper/dists/gradle-6.5-bin/6nifqtx7604sqp1q6g8wikw7p/gradle-6.5/lib/plugins/gradle-platform-jvm-6.5.jar
7f30ac7a6000-7f30ac7a8000 r--s 00006000 08:02 3809099                    /home/user/.gradle/wrapper/dists/gradle-6.5-bin/6nifqtx7604sqp1q6g8wikw7p/gradle-6.5/lib/plugins/gradle-language-jvm-6.5.jar
7f30ac7a8000-7f30ac7a9000 r--s 00001000 08:02 3679207                    /home/user/.gradle/wrapper/dists/gradle-6.5-bin/6nifqtx7604sqp1q6g8wikw7p/gradle-6.5/lib/gradle-java-compiler-plugin-6.5.jar
7f30ac7a9000-7f30ac7b2000 r--s 00047000 08:02 3809098                    /home/user/.gradle/wrapper/dists/gradle-6.5-bin/6nifqtx7604sqp1q6g8wikw7p/gradle-6.5/lib/plugins/gradle-language-java-6.5.jar
7f30ac7b2000-7f30ac7b4000 r--s 0000f000 08:02 3809093                    /home/user/.gradle/wrapper/dists/gradle-6.5-bin/6nifqtx7604sqp1q6g8wikw7p/gradle-6.5/lib/plugins/gradle-language-groovy-6.5.jar
7f30ac7b4000-7f30ac7b7000 r--s 0000f000 08:02 3809110                    /home/user/.gradle/wrapper/dists/gradle-6.5-bin/6nifqtx7604sqp1q6g8wikw7p/gradle-6.5/lib/plugins/gradle-reporting-6.5.jar
7f30ac7b7000-7f30ac7be000 r--s 00029000 08:02 3809104                    /home/user/.gradle/wrapper/dists/gradle-6.5-bin/6nifqtx7604sqp1q6g8wikw7p/gradle-6.5/lib/plugins/gradle-platform-base-6.5.jar
7f30ac7be000-7f30ac7c0000 r--s 00006000 08:02 3809140                    /home/user/.gradle/wrapper/dists/gradle-6.5-bin/6nifqtx7604sqp1q6g8wikw7p/gradle-6.5/lib/plugins/jatl-0.2.3.jar
7f30ac7c0000-7f30ac7c6000 r--s 0003a000 08:02 3809102                    /home/user/.gradle/wrapper/dists/gradle-6.5-bin/6nifqtx7604sqp1q6g8wikw7p/gradle-6.5/lib/plugins/gradle-diagnostics-6.5.jar
7f30ac7c6000-7f30ac7cc000 r--s 00042000 08:02 3809092                    /home/user/.gradle/wrapper/dists/gradle-6.5-bin/6nifqtx7604sqp1q6g8wikw7p/gradle-6.5/lib/plugins/gradle-plugins-6.5.jar
7f30ac7cc000-7f30ac7cf000 r--s 00015000 08:02 3809085                    /home/user/.gradle/wrapper/dists/gradle-6.5-bin/6nifqtx7604sqp1q6g8wikw7p/gradle-6.5/lib/plugins/gradle-ivy-6.5.jar
7f30ac7cf000-7f30ac7d2000 r--s 00012000 08:02 3809084                    /home/user/.gradle/wrapper/dists/gradle-6.5-bin/6nifqtx7604sqp1q6g8wikw7p/gradle-6.5/lib/plugins/gradle-plugin-development-6.5.jar
7f30ac7d2000-7f30ac7d6000 r--s 00024000 08:02 3809083                    /home/user/.gradle/wrapper/dists/gradle-6.5-bin/6nifqtx7604sqp1q6g8wikw7p/gradle-6.5/lib/plugins/gradle-kotlin-dsl-provider-plugins-6.5.jar
7f30ac7d6000-7f30ac7da000 r--s 0003c000 08:02 3809187                    /home/user/.gradle/wrapper/dists/gradle-6.5-bin/6nifqtx7604sqp1q6g8wikw7p/gradle-6.5/lib/plugins/plexus-utils-3.1.0.jar
7f30ac7da000-7f30ac7db000 r--s 00006000 08:02 3809181                    /home/user/.gradle/wrapper/dists/gradle-6.5-bin/6nifqtx7604sqp1q6g8wikw7p/gradle-6.5/lib/plugins/plexus-sec-dispatcher-1.3.jar
7f30ac7db000-7f30ac7dd000 r--s 0000d000 08:02 3809185                    /home/user/.gradle/wrapper/dists/gradle-6.5-bin/6nifqtx7604sqp1q6g8wikw7p/gradle-6.5/lib/plugins/plexus-interpolation-1.14.jar
7f30ac7dd000-7f30ac7df000 r--s 00000000 08:02 3809184                    /home/user/.gradle/wrapper/dists/gradle-6.5-bin/6nifqtx7604sqp1q6g8wikw7p/gradle-6.5/lib/plugins/plexus-component-annotations-1.5.5.jar
7f30ac7df000-7f30ac7e1000 r--s 00002000 08:02 3809182                    /home/user/.gradle/wrapper/dists/gradle-6.5-bin/6nifqtx7604sqp1q6g8wikw7p/gradle-6.5/lib/plugins/plexus-cipher-1.7.jar
7f30ac7e1000-7f30ac7e4000 r--s 00008000 08:02 3809179                    /home/user/.gradle/wrapper/dists/gradle-6.5-bin/6nifqtx7604sqp1q6g8wikw7p/gradle-6.5/lib/plugins/maven-settings-builder-3.0.5.jar
7f30ac7e4000-7f30ac7e6000 r--s 0000a000 08:02 3809180                    /home/user/.gradle/wrapper/dists/gradle-6.5-bin/6nifqtx7604sqp1q6g8wikw7p/gradle-6.5/lib/plugins/maven-settings-3.0.5.jar
7f30ac7e6000-7f30ac7e8000 r--s 00006000 08:02 3809178                    /home/user/.gradle/wrapper/dists/gradle-6.5-bin/6nifqtx7604sqp1q6g8wikw7p/gradle-6.5/lib/plugins/maven-repository-metadata-3.0.5.jar
7f30ac7e8000-7f30ac7ec000 r--s 00021000 08:02 3809176                    /home/user/.gradle/wrapper/dists/gradle-6.5-bin/6nifqtx7604sqp1q6g8wikw7p/gradle-6.5/lib/plugins/maven-model-builder-3.0.5.jar
7f30ac7ec000-7f30ac7ee000 r--s 00026000 08:02 3809177                    /home/user/.gradle/wrapper/dists/gradle-6.5-bin/6nifqtx7604sqp1q6g8wikw7p/gradle-6.5/lib/plugins/maven-model-3.0.5.jar
7f30ac7ee000-7f30ac7fa000 r--s 0007d000 08:02 3809136                    /home/user/.gradle/wrapper/dists/gradle-6.5-bin/6nifqtx7604sqp1q6g8wikw7p/gradle-6.5/lib/plugins/maven-core-3.0.5.jar
7f30ac7fa000-7f30ac7fc000 r--s 0000b000 08:02 3809175                    /home/user/.gradle/wrapper/dists/gradle-6.5-bin/6nifqtx7604sqp1q6g8wikw7p/gradle-6.5/lib/plugins/maven-artifact-3.0.5.jar
7f30ac7fc000-7f30ac7fe000 r--s 0000c000 08:02 3809166                    /home/user/.gradle/wrapper/dists/gradle-6.5-bin/6nifqtx7604sqp1q6g8wikw7p/gradle-6.5/lib/plugins/maven-aether-provider-3.0.5.jar
7f30ac7fe000-7f30ac813000 r--s 00116000 08:02 3809135                    /home/user/.gradle/wrapper/dists/gradle-6.5-bin/6nifqtx7604sqp1q6g8wikw7p/gradle-6.5/lib/plugins/ivy-2.3.0.jar
7f30ac813000-7f30ac818000 r--s 00036000 08:02 3809134                    /home/user/.gradle/wrapper/dists/gradle-6.5-bin/6nifqtx7604sqp1q6g8wikw7p/gradle-6.5/lib/plugins/gson-2.8.5.jar
7f30ac818000-7f30ac819000 r--s 00014000 08:02 3809133                    /home/user/.gradle/wrapper/dists/gradle-6.5-bin/6nifqtx7604sqp1q6g8wikw7p/gradle-6.5/lib/plugins/asm-util-7.3.1.jar
7f30ac819000-7f30ac81d000 r--s 0001c000 08:02 3809168                    /home/user/.gradle/wrapper/dists/gradle-6.5-bin/6nifqtx7604sqp1q6g8wikw7p/gradle-6.5/lib/plugins/aether-util-1.13.1.jar
7f30ac81d000-7f30ac81e000 r--s 00003000 08:02 3809169                    /home/user/.gradle/wrapper/dists/gradle-6.5-bin/6nifqtx7604sqp1q6g8wikw7p/gradle-6.5/lib/plugins/aether-spi-1.13.1.jar
7f30ac81e000-7f30ac821000 r--s 0001d000 08:02 3809167                    /home/user/.gradle/wrapper/dists/gradle-6.5-bin/6nifqtx7604sqp1q6g8wikw7p/gradle-6.5/lib/plugins/aether-impl-1.13.1.jar
7f30ac821000-7f30ac824000 r--s 00013000 08:02 3809170                    /home/user/.gradle/wrapper/dists/gradle-6.5-bin/6nifqtx7604sqp1q6g8wikw7p/gradle-6.5/lib/plugins/aether-api-1.13.1.jar
7f30ac824000-7f30ac85e000 r--s 00231000 08:02 3809108                    /home/user/.gradle/wrapper/dists/gradle-6.5-bin/6nifqtx7604sqp1q6g8wikw7p/gradle-6.5/lib/plugins/gradle-dependency-management-6.5.jar
7f30ac85e000-7f30ac860000 r--s 00009000 08:02 3809113                    /home/user/.gradle/wrapper/dists/gradle-6.5-bin/6nifqtx7604sqp1q6g8wikw7p/gradle-6.5/lib/plugins/gradle-security-6.5.jar
7f30ac860000-7f30ac863000 r--s 0000d000 08:02 3809109                    /home/user/.gradle/wrapper/dists/gradle-6.5-bin/6nifqtx7604sqp1q6g8wikw7p/gradle-6.5/lib/plugins/gradle-composite-builds-6.5.jar
7f30ac863000-7f30ac864000 r--s 00000000 08:02 3679206                    /home/user/.gradle/wrapper/dists/gradle-6.5-bin/6nifqtx7604sqp1q6g8wikw7p/gradle-6.5/lib/gradle-installation-beacon-6.5.jar
7f30ac864000-7f30ac867000 r--s 0000b000 08:02 3809105                    /home/user/.gradle/wrapper/dists/gradle-6.5-bin/6nifqtx7604sqp1q6g8wikw7p/gradle-6.5/lib/plugins/gradle-plugin-use-6.5.jar
7f30ac867000-7f30ac868000 r--s 00000000 08:02 3679209                    /home/user/.gradle/wrapper/dists/gradle-6.5-bin/6nifqtx7604sqp1q6g8wikw7p/gradle-6.5/lib/gradle-runtime-api-info-6.5.jar
7f30ac868000-7f30ac88d000 r--s 00281000 08:02 3809118                    /home/user/.gradle/wrapper/dists/gradle-6.5-bin/6nifqtx7604sqp1q6g8wikw7p/gradle-6.5/lib/plugins/org.eclipse.jgit-5.5.0.201909110433-r.jar
7f30ac88d000-7f30ac88f000 r--s 00010000 08:02 3809174                    /home/user/.gradle/wrapper/dists/gradle-6.5-bin/6nifqtx7604sqp1q6g8wikw7p/gradle-6.5/lib/plugins/jzlib-1.1.3.jar
7f30ac88f000-7f30ac893000 r--s 00041000 08:02 3809159                    /home/user/.gradle/wrapper/dists/gradle-6.5-bin/6nifqtx7604sqp1q6g8wikw7p/gradle-6.5/lib/plugins/jsch-0.1.55.jar
7f30ac893000-7f30ac8f4000 r--s 0042c000 08:02 3809139                    /home/user/.gradle/wrapper/dists/gradle-6.5-bin/6nifqtx7604sqp1q6g8wikw7p/gradle-6.5/lib/plugins/bcprov-jdk15on-1.64.jar
7f30ac8f4000-7f30ac908000 r--s 000c0000 08:02 3809138                    /home/user/.gradle/wrapper/dists/gradle-6.5-bin/6nifqtx7604sqp1q6g8wikw7p/gradle-6.5/lib/plugins/bcpkix-jdk15on-1.61.jar
7f30ac908000-7f30ac910000 r--s 00049000 08:02 3809137                    /home/user/.gradle/wrapper/dists/gradle-6.5-bin/6nifqtx7604sqp1q6g8wikw7p/gradle-6.5/lib/plugins/bcpg-jdk15on-1.64.jar
7f30ac910000-7f30ac913000 r--s 0000c000 08:02 3809107                    /home/user/.gradle/wrapper/dists/gradle-6.5-bin/6nifqtx7604sqp1q6g8wikw7p/gradle-6.5/lib/plugins/gradle-version-control-6.5.jar
7f30ac913000-7f30ac92c000 r--s 0013a000 08:02 3809157                    /home/user/.gradle/wrapper/dists/gradle-6.5-bin/6nifqtx7604sqp1q6g8wikw7p/gradle-6.5/lib/plugins/xercesImpl-2.12.0.jar
7f30ac92c000-7f30ac92e000 r--s 0001d000 08:02 3809156                    /home/user/.gradle/wrapper/dists/gradle-6.5-bin/6nifqtx7604sqp1q6g8wikw7p/gradle-6.5/lib/plugins/nekohtml-1.9.22.jar
7f30ac92e000-7f30ac934000 r--s 0005b000 08:02 3809155                    /home/user/.gradle/wrapper/dists/gradle-6.5-bin/6nifqtx7604sqp1q6g8wikw7p/gradle-6.5/lib/plugins/jcifs-1.3.17.jar
7f30ac934000-7f30ac93c000 r--s 00049000 08:02 3809172                    /home/user/.gradle/wrapper/dists/gradle-6.5-bin/6nifqtx7604sqp1q6g8wikw7p/gradle-6.5/lib/plugins/httpcore-4.4.12.jar
7f30ac93c000-7f30ac949000 r--s 000b1000 08:02 3809129                    /home/user/.gradle/wrapper/dists/gradle-6.5-bin/6nifqtx7604sqp1q6g8wikw7p/gradle-6.5/lib/plugins/httpclient-4.5.10.jar
7f30ac949000-7f30ac950000 r--s 0004e000 08:02 3809165                    /home/user/.gradle/wrapper/dists/gradle-6.5-bin/6nifqtx7604sqp1q6g8wikw7p/gradle-6.5/lib/plugins/commons-codec-1.13.jar
7f30ac950000-7f30ac952000 r--s 0000f000 08:02 3809114                    /home/user/.gradle/wrapper/dists/gradle-6.5-bin/6nifqtx7604sqp1q6g8wikw7p/gradle-6.5/lib/plugins/gradle-resources-http-6.5.jar
7f30ac952000-7f30ac956000 r--s 0001d000 08:02 3809117                    /home/user/.gradle/wrapper/dists/gradle-6.5-bin/6nifqtx7604sqp1q6g8wikw7p/gradle-6.5/lib/plugins/gradle-workers-6.5.jar
7f30ac956000-7f30ac95b000 r-xp 00000000 08:02 4076546                    /home/user/.gradle/native/f6784746aeab05261644944871eae4fe03e0ef1612fff0a4a95f87b438bc6780/linux-amd64/libnative-platform.so
7f30ac95b000-7f30acb5b000 ---p 00005000 08:02 4076546                    /home/user/.gradle/native/f6784746aeab05261644944871eae4fe03e0ef1612fff0a4a95f87b438bc6780/linux-amd64/libnative-platform.so
7f30acb5b000-7f30acb5c000 r--p 00005000 08:02 4076546                    /home/user/.gradle/native/f6784746aeab05261644944871eae4fe03e0ef1612fff0a4a95f87b438bc6780/linux-amd64/libnative-platform.so
7f30acb5c000-7f30acb5d000 rw-p 00006000 08:02 4076546                    /home/user/.gradle/native/f6784746aeab05261644944871eae4fe03e0ef1612fff0a4a95f87b438bc6780/linux-amd64/libnative-platform.so
7f30acb5d000-7f30acb67000 r--s 00116000 08:02 9700748                    /app/extra/android-studio/jre/jre/lib/ext/localedata.jar
7f30acb67000-7f30acb6a000 r--s 00008000 08:02 3679173                    /home/user/.gradle/wrapper/dists/gradle-6.5-bin/6nifqtx7604sqp1q6g8wikw7p/gradle-6.5/lib/gradle-build-events-6.5.jar
7f30acb6a000-7f30acb75000 r--s 00081000 08:02 3679246                    /home/user/.gradle/wrapper/dists/gradle-6.5-bin/6nifqtx7604sqp1q6g8wikw7p/gradle-6.5/lib/trove4j-1.0.20181211.jar
7f30acb75000-7f30acb77000 r--s 00009000 08:02 3679244                    /home/user/.gradle/wrapper/dists/gradle-6.5-bin/6nifqtx7604sqp1q6g8wikw7p/gradle-6.5/lib/kotlin-script-runtime-1.3.72.jar
7f30acb77000-7f30acbb1000 r--s 00284000 08:02 3679240                    /home/user/.gradle/wrapper/dists/gradle-6.5-bin/6nifqtx7604sqp1q6g8wikw7p/gradle-6.5/lib/kotlin-reflect-1.3.72.jar
7f30acbb1000-7f30acbc8000 r--s 00108000 08:02 3679245                    /home/user/.gradle/wrapper/dists/gradle-6.5-bin/6nifqtx7604sqp1q6g8wikw7p/gradle-6.5/lib/kotlin-daemon-embeddable-1.3.72.jar
7f30acbc8000-7f30ace23000 r--s 023fe000 08:02 3679208                    /home/user/.gradle/wrapper/dists/gradle-6.5-bin/6nifqtx7604sqp1q6g8wikw7p/gradle-6.5/lib/kotlin-compiler-embeddable-1.3.72-patched-for-gradle-6.5.jar
7f30ace23000-7f30ace24000 r--s 00007000 08:02 3679203                    /home/user/.gradle/wrapper/dists/gradle-6.5-bin/6nifqtx7604sqp1q6g8wikw7p/gradle-6.5/lib/gradle-wrapper-6.5.jar
7f30ace24000-7f30ace34000 r--s 00050000 08:02 3679175                    /home/user/.gradle/wrapper/dists/gradle-6.5-bin/6nifqtx7604sqp1q6g8wikw7p/gradle-6.5/lib/gradle-tooling-api-6.5.jar
7f30ace34000-7f30ace35000 r--s 00000000 08:02 3679200                    /home/user/.gradle/wrapper/dists/gradle-6.5-bin/6nifqtx7604sqp1q6g8wikw7p/gradle-6.5/lib/gradle-kotlin-dsl-tooling-models-6.5.jar
7f30ace35000-7f30ace45000 r--s 0026b000 08:02 3679253                    /home/user/.gradle/wrapper/dists/gradle-6.5-bin/6nifqtx7604sqp1q6g8wikw7p/gradle-6.5/lib/kotlinx-metadata-jvm-0.1.0.jar
7f30ace45000-7f30ace46000 r--s 00003000 08:02 3679241                    /home/user/.gradle/wrapper/dists/gradle-6.5-bin/6nifqtx7604sqp1q6g8wikw7p/gradle-6.5/lib/kotlin-stdlib-jdk8-1.3.72.jar
7f30ace46000-7f30ace47000 r--s 00000000 08:02 3679242                    /home/user/.gradle/wrapper/dists/gradle-6.5-bin/6nifqtx7604sqp1q6g8wikw7p/gradle-6.5/lib/kotlin-stdlib-jdk7-1.3.72.jar
7f30ace47000-7f30ace4a000 r--s 00019000 08:02 3679249                    /home/user/.gradle/wrapper/dists/gradle-6.5-bin/6nifqtx7604sqp1q6g8wikw7p/gradle-6.5/lib/kotlin-scripting-jvm-host-embeddable-1.3.72.jar
7f30ace4a000-7f30ace4e000 r--s 00027000 08:02 3679248                    /home/user/.gradle/wrapper/dists/gradle-6.5-bin/6nifqtx7604sqp1q6g8wikw7p/gradle-6.5/lib/kotlin-scripting-jvm-1.3.72.jar
7f30ace4e000-7f30ace54000 r--s 00045000 08:02 3679251                    /home/user/.gradle/wrapper/dists/gradle-6.5-bin/6nifqtx7604sqp1q6g8wikw7p/gradle-6.5/lib/kotlin-scripting-compiler-impl-embeddable-1.3.72.jar
7f30ace54000-7f30ace5c000 r--s 0004b000 08:02 3679250                    /home/user/.gradle/wrapper/dists/gradle-6.5-bin/6nifqtx7604sqp1q6g8wikw7p/gradle-6.5/lib/kotlin-scripting-compiler-embeddable-1.3.72.jar
7f30ace5c000-7f30ace61000 r--s 00026000 08:02 3679247                    /home/user/.gradle/wrapper/dists/gradle-6.5-bin/6nifqtx7604sqp1q6g8wikw7p/gradle-6.5/lib/kotlin-scripting-common-1.3.72.jar
7f30ace61000-7f30ace62000 r--s 00002000 08:02 3679252                    /home/user/.gradle/wrapper/dists/gradle-6.5-bin/6nifqtx7604sqp1q6g8wikw7p/gradle-6.5/lib/kotlin-sam-with-receiver-compiler-plugin-1.3.72.jar
7f30ace62000-7f30ace7b000 r--s 0013f000 08:02 3679174                    /home/user/.gradle/wrapper/dists/gradle-6.5-bin/6nifqtx7604sqp1q6g8wikw7p/gradle-6.5/lib/gradle-kotlin-dsl-6.5.jar
7f30ace7b000-7f30ace7d000 r--s 00005000 08:02 3679186                    /home/user/.gradle/wrapper/dists/gradle-6.5-bin/6nifqtx7604sqp1q6g8wikw7p/gradle-6.5/lib/gradle-worker-processes-6.5.jar
7f30ace7d000-7f30ace7f000 r--s 00005000 08:02 3679201                    /home/user/.gradle/wrapper/dists/gradle-6.5-bin/6nifqtx7604sqp1q6g8wikw7p/gradle-6.5/lib/gradle-normalization-java-6.5.jar
7f30ace7f000-7f30ace81000 r--s 00007000 08:02 3679180                    /home/user/.gradle/wrapper/dists/gradle-6.5-bin/6nifqtx7604sqp1q6g8wikw7p/gradle-6.5/lib/gradle-model-groovy-6.5.jar
7f30ace81000-7f30ace83000 r--s 00000000 08:02 3679184                    /home/user/.gradle/wrapper/dists/gradle-6.5-bin/6nifqtx7604sqp1q6g8wikw7p/gradle-6.5/lib/gradle-jvm-services-6.5.jar
7f30ace83000-7f30ace85000 r--s 0000a000 08:02 3679196                    /home/user/.gradle/wrapper/dists/gradle-6.5-bin/6nifqtx7604sqp1q6g8wikw7p/gradle-6.5/lib/gradle-file-watching-6.5.jar
7f30ace85000-7f30ace8a000 r--s 00023000 08:02 3679179                    /home/user/.gradle/wrapper/dists/gradle-6.5-bin/6nifqtx7604sqp1q6g8wikw7p/gradle-6.5/lib/gradle-file-collections-6.5.jar
7f30ace8a000-7f30ace92000 r--s 00024000 08:02 3679262                    /home/user/.gradle/wrapper/dists/gradle-6.5-bin/6nifqtx7604sqp1q6g8wikw7p/gradle-6.5/lib/kotlin-stdlib-common-1.3.72.jar
7f30ace92000-7f30acea6000 r--s 0013d000 08:02 3679243                    /home/user/.gradle/wrapper/dists/gradle-6.5-bin/6nifqtx7604sqp1q6g8wikw7p/gradle-6.5/lib/kotlin-stdlib-1.3.72.jar
7f30acea6000-7f30acea8000 r--s 00003000 08:02 3679258                    /home/user/.gradle/wrapper/dists/gradle-6.5-bin/6nifqtx7604sqp1q6g8wikw7p/gradle-6.5/lib/annotations-13.0.jar
7f30acea8000-7f30acec1000 r--s 000eb000 08:02 3679181                    /home/user/.gradle/wrapper/dists/gradle-6.5-bin/6nifqtx7604sqp1q6g8wikw7p/gradle-6.5/lib/gradle-model-core-6.5.jar
7f30acec1000-7f30acec8000 r--s 0002d000 08:02 3679177                    /home/user/.gradle/wrapper/dists/gradle-6.5-bin/6nifqtx7604sqp1q6g8wikw7p/gradle-6.5/lib/gradle-execution-6.5.jar
7f30acec8000-7f30acec9000 r--s 00005000 08:02 3679205                    /home/user/.gradle/wrapper/dists/gradle-6.5-bin/6nifqtx7604sqp1q6g8wikw7p/gradle-6.5/lib/gradle-docs-6.5.jar
7f30acec9000-7f30acecb000 r--s 00004000 08:02 3679193                    /home/user/.gradle/wrapper/dists/gradle-6.5-bin/6nifqtx7604sqp1q6g8wikw7p/gradle-6.5/lib/gradle-build-cache-packaging-6.5.jar
7f30acecb000-7f30acecf000 r--s 0001c000 08:02 3679197                    /home/user/.gradle/wrapper/dists/gradle-6.5-bin/6nifqtx7604sqp1q6g8wikw7p/gradle-6.5/lib/gradle-snapshots-6.5.jar
7f30acecf000-7f30aced1000 r--s 00006000 08:02 3679188                    /home/user/.gradle/wrapper/dists/gradle-6.5-bin/6nifqtx7604sqp1q6g8wikw7p/gradle-6.5/lib/gradle-process-services-6.5.jar
7f30aced1000-7f30aced5000 r--s 00016000 08:02 3679189                    /home/user/.gradle/wrapper/dists/gradle-6.5-bin/6nifqtx7604sqp1q6g8wikw7p/gradle-6.5/lib/gradle-resources-6.5.jar
7f30aced5000-7f30acedd000 r--s 00036000 08:02 3679185                    /home/user/.gradle/wrapper/dists/gradle-6.5-bin/6nifqtx7604sqp1q6g8wikw7p/gradle-6.5/lib/gradle-persistent-cache-6.5.jar
7f30acedd000-7f30acee0000 r--s 0000d000 08:02 3679191                    /home/user/.gradle/wrapper/dists/gradle-6.5-bin/6nifqtx7604sqp1q6g8wikw7p/gradle-6.5/lib/gradle-native-6.5.jar
7f30acee0000-7f30acee2000 r--s 0000c000 08:02 3679257                    /home/user/.gradle/wrapper/dists/gradle-6.5-bin/6nifqtx7604sqp1q6g8wikw7p/gradle-6.5/lib/objenesis-2.6.jar
7f30acee2000-7f30acee4000 r--s 00000000 08:02 3679260                    /home/user/.gradle/wrapper/dists/gradle-6.5-bin/6nifqtx7604sqp1q6g8wikw7p/gradle-6.5/lib/minlog-1.2.jar
7f30acee4000-7f30aceea000 r--s 0004d000 08:02 3679256                    /home/user/.gradle/wrapper/dists/gradle-6.5-bin/6nifqtx7604sqp1q6g8wikw7p/gradle-6.5/lib/kryo-2.24.0.jar
7f30aceea000-7f30acef0000 r--s 0006d000 08:02 3679255                    /home/user/.gradle/wrapper/dists/gradle-6.5-bin/6nifqtx7604sqp1q6g8wikw7p/gradle-6.5/lib/fastutil-8.3.0-min.jar
7f30acef0000-7f30acef7000 r--s 00031000 08:02 3679190                    /home/user/.gradle/wrapper/dists/gradle-6.5-bin/6nifqtx7604sqp1q6g8wikw7p/gradle-6.5/lib/gradle-messaging-6.5.jar
7f30acef7000-7f30acef9000 r--s 00005000 08:02 3679204                    /home/user/.gradle/wrapper/dists/gradle-6.5-bin/6nifqtx7604sqp1q6g8wikw7p/gradle-6.5/lib/gradle-cli-6.5.jar
7f30acef9000-7f30acefa000 r--s 00004000 08:02 3679195                    /home/user/.gradle/wrapper/dists/gradle-6.5-bin/6nifqtx7604sqp1q6g8wikw7p/gradle-6.5/lib/gradle-build-option-6.5.jar
7f30acefa000-7f30acefc000 r--s 00004000 08:02 3679213                    /home/user/.gradle/wrapper/dists/gradle-6.5-bin/6nifqtx7604sqp1q6g8wikw7p/gradle-6.5/lib/log4j-over-slf4j-1.7.28.jar
7f30acefc000-7f30acefe000 r--s 00000000 08:02 3679212                    /home/user/.gradle/wrapper/dists/gradle-6.5-bin/6nifqtx7604sqp1q6g8wikw7p/gradle-6.5/lib/jul-to-slf4j-1.7.28.jar
7f30acefe000-7f30acf00000 r--s 00003000 08:02 3679211                    /home/user/.gradle/wrapper/dists/gradle-6.5-bin/6nifqtx7604sqp1q6g8wikw7p/gradle-6.5/lib/jcl-over-slf4j-1.7.28.jar
7f30acf00000-7f30acf04000 r--s 00043000 08:02 3679254                    /home/user/.gradle/wrapper/dists/gradle-6.5-bin/6nifqtx7604sqp1q6g8wikw7p/gradle-6.5/lib/jansi-1.18.jar
7f30acf04000-7f30acf0d000 r--s 0003c000 08:02 3679187                    /home/user/.gradle/wrapper/dists/gradle-6.5-bin/6nifqtx7604sqp1q6g8wikw7p/gradle-6.5/lib/gradle-logging-6.5.jar
7f30acf0d000-7f30acf0f000 r--s 00009000 08:02 3679198                    /home/user/.gradle/wrapper/dists/gradle-6.5-bin/6nifqtx7604sqp1q6g8wikw7p/gradle-6.5/lib/gradle-files-6.5.jar
7f30acf0f000-7f30acf11000 r--s 00001000 08:02 3679194                    /home/user/.gradle/wrapper/dists/gradle-6.5-bin/6nifqtx7604sqp1q6g8wikw7p/gradle-6.5/lib/gradle-build-cache-base-6.5.jar
7f30acf11000-7f30acf15000 r--s 0000c000 08:02 3679178                    /home/user/.gradle/wrapper/dists/gradle-6.5-bin/6nifqtx7604sqp1q6g8wikw7p/gradle-6.5/lib/gradle-build-cache-6.5.jar
7f30acf15000-7f30acf16000 r--s 00006000 08:02 3679183                    /home/user/.gradle/wrapper/dists/gradle-6.5-bin/6nifqtx7604sqp1q6g8wikw7p/gradle-6.5/lib/gradle-base-services-groovy-6.5.jar
7f30acf16000-7f30acf1f000 r--s 0002d000 08:02 3679239                    /home/user/.gradle/wrapper/dists/gradle-6.5-bin/6nifqtx7604sqp1q6g8wikw7p/gradle-6.5/lib/xml-apis-1.4.01.jar
7f30acf1f000-7f30acf20000 r--s 00078000 08:02 3679270                    /home/user/.gradle/wrapper/dists/gradle-6.5-bin/6nifqtx7604sqp1q6g8wikw7p/gradle-6.5/lib/native-platform-windows-i386-min-0.22-milestone-3.jar
7f30acf20000-7f30acf21000 r--s 00078000 08:02 3679269                    /home/user/.gradle/wrapper/dists/gradle-6.5-bin/6nifqtx7604sqp1q6g8wikw7p/gradle-6.5/lib/native-platform-windows-i386-0.22-milestone-3.jar
7f30acf21000-7f30acf23000 r--s 00092000 08:02 3679268                    /home/user/.gradle/wrapper/dists/gradle-6.5-bin/6nifqtx7604sqp1q6g8wikw7p/gradle-6.5/lib/native-platform-windows-amd64-min-0.22-milestone-3.jar
7f30acf23000-7f30acf24000 r--s 00093000 08:02 3679267                    /home/user/.gradle/wrapper/dists/gradle-6.5-bin/6nifqtx7604sqp1q6g8wikw7p/gradle-6.5/lib/native-platform-windows-amd64-0.22-milestone-3.jar
7f30acf24000-7f30acf25000 r--s 00017000 08:02 3679266                    /home/user/.gradle/wrapper/dists/gradle-6.5-bin/6nifqtx7604sqp1q6g8wikw7p/gradle-6.5/lib/native-platform-osx-amd64-0.22-milestone-3.jar
7f30acf25000-7f30acf26000 r--s 00001000 08:02 3679274                    /home/user/.gradle/wrapper/dists/gradle-6.5-bin/6nifqtx7604sqp1q6g8wikw7p/gradle-6.5/lib/native-platform-linux-amd64-ncurses6-0.22-milestone-3.jar
7f30acf26000-7f30acf28000 r--s 00001000 08:02 3679273                    /home/user/.gradle/wrapper/dists/gradle-6.5-bin/6nifqtx7604sqp1q6g8wikw7p/gradle-6.5/lib/native-platform-linux-amd64-ncurses5-0.22-milestone-3.jar
7f30acf28000-7f30acf29000 r--s 0005b000 08:02 3679265                    /home/user/.gradle/wrapper/dists/gradle-6.5-bin/6nifqtx7604sqp1q6g8wikw7p/gradle-6.5/lib/native-platform-linux-amd64-0.22-milestone-3.jar
7f30acf29000-7f30acf2a000 r--s 00002000 08:02 3679272                    /home/user/.gradle/wrapper/dists/gradle-6.5-bin/6nifqtx7604sqp1q6g8wikw7p/gradle-6.5/lib/native-platform-linux-aarch64-ncurses6-0.22-milestone-3.jar
7f30acf2a000-7f30acf2c000 r--s 00001000 08:02 3679271                    /home/user/.gradle/wrapper/dists/gradle-6.5-bin/6nifqtx7604sqp1q6g8wikw7p/gradle-6.5/lib/native-platform-linux-aarch64-ncurses5-0.22-milestone-3.jar
7f30acf2c000-7f30acf2e000 r--s 00059000 08:02 3679264                    /home/user/.gradle/wrapper/dists/gradle-6.5-bin/6nifqtx7604sqp1q6g8wikw7p/gradle-6.5/lib/native-platform-linux-aarch64-0.22-milestone-3.jar
7f30acf2e000-7f30acf2f000 r--s 00004000 08:02 3679263                    /home/user/.gradle/wrapper/dists/gradle-6.5-bin/6nifqtx7604sqp1q6g8wikw7p/gradle-6.5/lib/native-platform-freebsd-amd64-libcpp-0.22-milestone-3.jar
7f30acf2f000-7f30acf34000 r--s 0001f000 08:02 3679238                    /home/user/.gradle/wrapper/dists/gradle-6.5-bin/6nifqtx7604sqp1q6g8wikw7p/gradle-6.5/lib/native-platform-0.22-milestone-3.jar
7f30acf34000-7f30acf40000 r--s 0008b000 08:02 3679224                    /home/user/.gradle/wrapper/dists/gradle-6.5-bin/6nifqtx7604sqp1q6g8wikw7p/gradle-6.5/lib/commons-compress-1.19.jar
7f30acf40000-7f30acf42000 r--s 0000b000 08:02 3679220                    /home/user/.gradle/wrapper/dists/gradle-6.5-bin/6nifqtx7604sqp1q6g8wikw7p/gradle-6.5/lib/asm-tree-7.3.1.jar
7f30acf42000-7f30acf44000 r--s 00010000 08:02 3679218                    /home/user/.gradle/wrapper/dists/gradle-6.5-bin/6nifqtx7604sqp1q6g8wikw7p/gradle-6.5/lib/asm-commons-7.3.1.jar
7f30acf44000-7f30acf46000 r--s 00007000 08:02 3679219                    /home/user/.gradle/wrapper/dists/gradle-6.5-bin/6nifqtx7604sqp1q6g8wikw7p/gradle-6.5/lib/asm-analysis-7.3.1.jar
7f30acf46000-7f30acf48000 r--s 00003000 08:02 3679199                    /home/user/.gradle/wrapper/dists/gradle-6.5-bin/6nifqtx7604sqp1q6g8wikw7p/gradle-6.5/lib/gradle-hashing-6.5.jar
7f30acf48000-7f30acf4a000 r--s 00003000 08:02 3679210                    /home/user/.gradle/wrapper/dists/gradle-6.5-bin/6nifqtx7604sqp1q6g8wikw7p/gradle-6.5/lib/jsr305-3.0.2.jar
7f30acf4a000-7f30acf7a000 r--s 0024c000 08:02 3679215                    /home/user/.gradle/wrapper/dists/gradle-6.5-bin/6nifqtx7604sqp1q6g8wikw7p/gradle-6.5/lib/guava-27.1-android.jar
7f30acf7a000-7f30acffa000 r--s 00782000 08:02 3679222                    /home/user/.gradle/wrapper/dists/gradle-6.5-bin/6nifqtx7604sqp1q6g8wikw7p/gradle-6.5/lib/groovy-all-1.3-2.5.11.jar
7f30acffa000-7f30acfff000 r--s 00041000 08:02 3679216                    /home/user/.gradle/wrapper/dists/gradle-6.5-bin/6nifqtx7604sqp1q6g8wikw7p/gradle-6.5/lib/commons-lang-2.6.jar
7f30acfff000-7f30b0000000 rw-p 00000000 00:00 0 
7f30b0000000-7f30b03e4000 rw-p 00000000 00:00 0 
7f30b03e4000-7f30b4000000 ---p 00000000 00:00 0 
7f30b4000000-7f30b4021000 rw-p 00000000 00:00 0 
7f30b4021000-7f30b8000000 ---p 00000000 00:00 0 
7f30b8000000-7f30b852d000 rw-p 00000000 00:00 0 
7f30b852d000-7f30bc000000 ---p 00000000 00:00 0 
7f30bc000000-7f30bd84f000 rw-p 00000000 00:00 0 
7f30bd84f000-7f30c0000000 ---p 00000000 00:00 0 
7f30c0000000-7f30c0021000 rw-p 00000000 00:00 0 
7f30c0021000-7f30c4000000 ---p 00000000 00:00 0 
7f30c4000000-7f30c4021000 rw-p 00000000 00:00 0 
7f30c4021000-7f30c8000000 ---p 00000000 00:00 0 
7f30c8000000-7f30c82bb000 rw-p 00000000 00:00 0 
7f30c82bb000-7f30cc000000 ---p 00000000 00:00 0 
7f30cc000000-7f30cc021000 rw-p 00000000 00:00 0 
7f30cc021000-7f30d0000000 ---p 00000000 00:00 0 
7f30d0000000-7f30d4000000 rw-p 00000000 00:00 0 
7f30d4000000-7f30d4021000 rw-p 00000000 00:00 0 
7f30d4021000-7f30d8000000 ---p 00000000 00:00 0 
7f30d8000000-7f30d8021000 rw-p 00000000 00:00 0 
7f30d8021000-7f30dc000000 ---p 00000000 00:00 0 
7f30dc000000-7f30dc02f000 rw-p 00000000 00:00 0 
7f30dc02f000-7f30e0000000 ---p 00000000 00:00 0 
7f30e0000000-7f30e0021000 rw-p 00000000 00:00 0 
7f30e0021000-7f30e4000000 ---p 00000000 00:00 0 
7f30e4000000-7f30e4001000 r--s 00000000 08:02 3679223                    /home/user/.gradle/wrapper/dists/gradle-6.5-bin/6nifqtx7604sqp1q6g8wikw7p/gradle-6.5/lib/javax.inject-1.jar
7f30e4001000-7f30e4002000 r--s 00000000 08:02 3679202                    /home/user/.gradle/wrapper/dists/gradle-6.5-bin/6nifqtx7604sqp1q6g8wikw7p/gradle-6.5/lib/gradle-base-annotations-6.5.jar
7f30e4002000-7f30e4022000 r--s 00204000 08:02 3679237                    /home/user/.gradle/wrapper/dists/gradle-6.5-bin/6nifqtx7604sqp1q6g8wikw7p/gradle-6.5/lib/ant-1.10.7.jar
7f30e4022000-7f30e405f000 r--s 0021d000 08:02 3679176                    /home/user/.gradle/wrapper/dists/gradle-6.5-bin/6nifqtx7604sqp1q6g8wikw7p/gradle-6.5/lib/gradle-core-6.5.jar
7f30e405f000-7f30e406e000 r--s 00047000 08:02 3679182                    /home/user/.gradle/wrapper/dists/gradle-6.5-bin/6nifqtx7604sqp1q6g8wikw7p/gradle-6.5/lib/gradle-core-api-6.5.jar
7f30e406e000-7f30e407b000 r--s 00063000 08:02 3679192                    /home/user/.gradle/wrapper/dists/gradle-6.5-bin/6nifqtx7604sqp1q6g8wikw7p/gradle-6.5/lib/gradle-base-services-6.5.jar
7f30e407b000-7f30e407c000 ---p 00000000 00:00 0 
7f30e407c000-7f30e417c000 rw-p 00000000 00:00 0 
7f30e417c000-7f30e417f000 ---p 00000000 00:00 0 
7f30e417f000-7f30e427d000 rw-p 00000000 00:00 0 
7f30e427d000-7f30e427e000 ---p 00000000 00:00 0 
7f30e427e000-7f30e4281000 ---p 00000000 00:00 0 
7f30e4281000-7f30e437e000 rw-p 00000000 00:00 0 
7f30e437e000-7f30e437f000 ---p 00000000 00:00 0 
7f30e437f000-7f30e4382000 ---p 00000000 00:00 0 
7f30e4382000-7f30e447f000 rw-p 00000000 00:00 0 
7f30e447f000-7f30e4480000 ---p 00000000 00:00 0 
7f30e4480000-7f30e4483000 ---p 00000000 00:00 0 
7f30e4483000-7f30e4580000 rw-p 00000000 00:00 0 
7f30e4580000-7f30e4583000 ---p 00000000 00:00 0 
7f30e4583000-7f30e4681000 rw-p 00000000 00:00 0 
7f30e4681000-7f30e48f9000 r--p 00000000 08:02 6450715                    /usr/share/runtime/locale/ru/lib/ru_RU.utf8/LC_COLLATE
7f30e48f9000-7f30e48fc000 ---p 00000000 00:00 0 
7f30e48fc000-7f30e49fa000 rw-p 00000000 00:00 0 
7f30e49fa000-7f30e49fd000 ---p 00000000 00:00 0 
7f30e49fd000-7f30e4afb000 rw-p 00000000 00:00 0 
7f30e4afb000-7f30e4afc000 ---p 00000000 00:00 0 
7f30e4afc000-7f30e5000000 rw-p 00000000 00:00 0 
7f30e5000000-7f30e55a0000 rwxp 00000000 00:00 0 
7f30e55a0000-7f30f4000000 ---p 00000000 00:00 0 
7f30f4000000-7f30f52ad000 rw-p 00000000 00:00 0 
7f30f52ad000-7f30f8000000 ---p 00000000 00:00 0 
7f30f8000000-7f30f8002000 r--s 00009000 08:02 3679214                    /home/user/.gradle/wrapper/dists/gradle-6.5-bin/6nifqtx7604sqp1q6g8wikw7p/gradle-6.5/lib/slf4j-api-1.7.28.jar
7f30f8002000-7f30f8004000 r--s 00000000 08:02 3679261                    /home/user/.gradle/wrapper/dists/gradle-6.5-bin/6nifqtx7604sqp1q6g8wikw7p/gradle-6.5/lib/failureaccess-1.0.1.jar
7f30f8004000-7f30f8008000 r--s 00031000 08:02 3679217                    /home/user/.gradle/wrapper/dists/gradle-6.5-bin/6nifqtx7604sqp1q6g8wikw7p/gradle-6.5/lib/commons-io-2.6.jar
7f30f8008000-7f30f800a000 r--s 0001c000 08:02 3679221                    /home/user/.gradle/wrapper/dists/gradle-6.5-bin/6nifqtx7604sqp1q6g8wikw7p/gradle-6.5/lib/asm-7.3.1.jar
7f30f800a000-7f30f800c000 r--s 00001000 08:02 3679172                    /home/user/.gradle/wrapper/dists/gradle-6.5-bin/6nifqtx7604sqp1q6g8wikw7p/gradle-6.5/lib/gradle-bootstrap-6.5.jar
7f30f800c000-7f30f8023000 r-xp 00000000 08:02 9700717                    /app/extra/android-studio/jre/jre/lib/amd64/libnet.so
7f30f8023000-7f30f8024000 r--p 00016000 08:02 9700717                    /app/extra/android-studio/jre/jre/lib/amd64/libnet.so
7f30f8024000-7f30f8025000 rw-p 00017000 08:02 9700717                    /app/extra/android-studio/jre/jre/lib/amd64/libnet.so
7f30f8025000-7f30f8035000 r-xp 00000000 08:02 9700708                    /app/extra/android-studio/jre/jre/lib/amd64/libnio.so
7f30f8035000-7f30f8036000 ---p 00010000 08:02 9700708                    /app/extra/android-studio/jre/jre/lib/amd64/libnio.so
7f30f8036000-7f30f8037000 r--p 00010000 08:02 9700708                    /app/extra/android-studio/jre/jre/lib/amd64/libnio.so
7f30f8037000-7f30f8038000 rw-p 00011000 08:02 9700708                    /app/extra/android-studio/jre/jre/lib/amd64/libnio.so
7f30f8038000-7f30f8044000 r--s 00068000 08:02 3679171                    /home/user/.gradle/wrapper/dists/gradle-6.5-bin/6nifqtx7604sqp1q6g8wikw7p/gradle-6.5/lib/gradle-launcher-6.5.jar
7f30f8044000-7f30f8098000 r--p 00000000 08:02 6695245                    /usr/share/runtime/locale/ru/lib/ru_RU.utf8/LC_CTYPE
7f30f8098000-7f30f8c96000 rw-p 00000000 00:00 0 
7f30f8c96000-7f30f8e69000 r--s 03cdf000 08:02 9700680                    /app/extra/android-studio/jre/jre/lib/rt.jar
7f30f8e69000-7f30f9b8a000 rw-p 00000000 00:00 0 
7f30f9b8a000-7f30f9b8b000 ---p 00000000 00:00 0 
7f30f9b8b000-7f30f9c8b000 rw-p 00000000 00:00 0 
7f30f9c8b000-7f30f9c8c000 ---p 00000000 00:00 0 
7f30f9c8c000-7f30f9d8c000 rw-p 00000000 00:00 0 
7f30f9d8c000-7f30f9d8d000 ---p 00000000 00:00 0 
7f30f9d8d000-7f30f9e8d000 rw-p 00000000 00:00 0 
7f30f9e8d000-7f30f9e8e000 ---p 00000000 00:00 0 
7f30f9e8e000-7f30f9fa2000 rw-p 00000000 00:00 0 
7f30f9fa2000-7f30fa239000 ---p 00000000 00:00 0 
7f30fa239000-7f30fa24d000 rw-p 00000000 00:00 0 
7f30fa24d000-7f30fa4e3000 ---p 00000000 00:00 0 
7f30fa4e3000-7f30fa509000 rw-p 00000000 00:00 0 
7f30fa509000-7f30fa639000 ---p 00000000 00:00 0 
7f30fa639000-7f30fa651000 rw-p 00000000 00:00 0 
7f30fa651000-7f30fa9fa000 ---p 00000000 00:00 0 
7f30fa9fa000-7f30faa15000 r-xp 00000000 08:02 9700716                    /app/extra/android-studio/jre/jre/lib/amd64/libzip.so
7f30faa15000-7f30faa16000 r--p 0001a000 08:02 9700716                    /app/extra/android-studio/jre/jre/lib/amd64/libzip.so
7f30faa16000-7f30faa17000 rw-p 0001b000 08:02 9700716                    /app/extra/android-studio/jre/jre/lib/amd64/libzip.so
7f30faa17000-7f30faa1a000 r--p 00000000 08:02 6561109                    /usr/lib/x86_64-linux-gnu/libnss_files-2.31.so
7f30faa1a000-7f30faa21000 r-xp 00003000 08:02 6561109                    /usr/lib/x86_64-linux-gnu/libnss_files-2.31.so
7f30faa21000-7f30faa23000 r--p 0000a000 08:02 6561109                    /usr/lib/x86_64-linux-gnu/libnss_files-2.31.so
7f30faa23000-7f30faa24000 ---p 0000c000 08:02 6561109                    /usr/lib/x86_64-linux-gnu/libnss_files-2.31.so
7f30faa24000-7f30faa25000 r--p 0000c000 08:02 6561109                    /usr/lib/x86_64-linux-gnu/libnss_files-2.31.so
7f30faa25000-7f30faa26000 rw-p 0000d000 08:02 6561109                    /usr/lib/x86_64-linux-gnu/libnss_files-2.31.so
7f30faa26000-7f30faa2c000 rw-p 00000000 00:00 0 
7f30faa2c000-7f30faa2d000 r--s 00004000 08:02 3679259                    /home/user/.gradle/wrapper/dists/gradle-6.5-bin/6nifqtx7604sqp1q6g8wikw7p/gradle-6.5/lib/ant-launcher-1.10.7.jar
7f30faa2d000-7f30faa2e000 r--p 00000000 08:02 6450721                    /usr/share/runtime/locale/uz/lib/uz_UZ.utf8/LC_NUMERIC
7f30faa2e000-7f30faa2f000 r--p 00000000 08:02 6817345                    /usr/share/runtime/locale/ru/lib/ru_RU.utf8/LC_TIME
7f30faa2f000-7f30faa30000 r--p 00000000 08:02 6427731                    /usr/share/runtime/locale/uz/lib/uz_UZ.utf8/LC_MONETARY
7f30faa30000-7f30faa31000 r--p 00000000 08:02 6427786                    /usr/share/runtime/locale/ru/lib/ru_RU.utf8/LC_MESSAGES/SYS_LC_MESSAGES
7f30faa31000-7f30faa32000 r--p 00000000 08:02 6450711                    /usr/share/runtime/locale/uz/lib/uz_UZ.utf8/LC_PAPER
7f30faa32000-7f30faa33000 r--p 00000000 08:02 6427733                    /usr/share/runtime/locale/uz/lib/uz_UZ.utf8/LC_NAME
7f30faa33000-7f30faa34000 r--p 00000000 08:02 6427724                    /usr/share/runtime/locale/uz/lib/uz_UZ.utf8/LC_ADDRESS
7f30faa34000-7f30faa35000 r--p 00000000 08:02 6427735                    /usr/share/runtime/locale/uz/lib/uz_UZ.utf8/LC_TELEPHONE
7f30faa35000-7f30faa36000 r--p 00000000 08:02 6450707                    /usr/share/runtime/locale/uz/lib/uz_UZ.utf8/LC_MEASUREMENT
7f30faa36000-7f30faa5e000 r-xp 00000000 08:02 9700715                    /app/extra/android-studio/jre/jre/lib/amd64/libjava.so
7f30faa5e000-7f30faa5f000 r--p 00027000 08:02 9700715                    /app/extra/android-studio/jre/jre/lib/amd64/libjava.so
7f30faa5f000-7f30faa61000 rw-p 00028000 08:02 9700715                    /app/extra/android-studio/jre/jre/lib/amd64/libjava.so
7f30faa61000-7f30faa6e000 r-xp 00000000 08:02 9700697                    /app/extra/android-studio/jre/jre/lib/amd64/libverify.so
7f30faa6e000-7f30faa70000 r--p 0000c000 08:02 9700697                    /app/extra/android-studio/jre/jre/lib/amd64/libverify.so
7f30faa70000-7f30faa71000 rw-p 0000e000 08:02 9700697                    /app/extra/android-studio/jre/jre/lib/amd64/libverify.so
7f30faa71000-7f30faa73000 r--p 00000000 08:02 6561200                    /usr/lib/x86_64-linux-gnu/librt-2.31.so
7f30faa73000-7f30faa77000 r-xp 00002000 08:02 6561200                    /usr/lib/x86_64-linux-gnu/librt-2.31.so
7f30faa77000-7f30faa79000 r--p 00006000 08:02 6561200                    /usr/lib/x86_64-linux-gnu/librt-2.31.so
7f30faa79000-7f30faa7a000 r--p 00007000 08:02 6561200                    /usr/lib/x86_64-linux-gnu/librt-2.31.so
7f30faa7a000-7f30faa7b000 rw-p 00008000 08:02 6561200                    /usr/lib/x86_64-linux-gnu/librt-2.31.so
7f30faa7b000-7f30faa7c000 ---p 00000000 00:00 0 
7f30faa7c000-7f30faa7f000 ---p 00000000 00:00 0 
7f30faa7f000-7f30fab7c000 rw-p 00000000 00:00 0 
7f30fab7c000-7f30fab89000 r--p 00000000 08:02 6557239                    /usr/lib/x86_64-linux-gnu/libm-2.31.so
7f30fab89000-7f30fac2a000 r-xp 0000d000 08:02 6557239                    /usr/lib/x86_64-linux-gnu/libm-2.31.so
7f30fac2a000-7f30facc7000 r--p 000ae000 08:02 6557239                    /usr/lib/x86_64-linux-gnu/libm-2.31.so
7f30facc7000-7f30facc8000 r--p 0014a000 08:02 6557239                    /usr/lib/x86_64-linux-gnu/libm-2.31.so
7f30facc8000-7f30facc9000 rw-p 0014b000 08:02 6557239                    /usr/lib/x86_64-linux-gnu/libm-2.31.so
7f30facc9000-7f30fb8f8000 r-xp 00000000 08:02 9700690                    /app/extra/android-studio/jre/jre/lib/amd64/server/libjvm.so
7f30fb8f8000-7f30fb9a0000 r--p 00c2e000 08:02 9700690                    /app/extra/android-studio/jre/jre/lib/amd64/server/libjvm.so
7f30fb9a0000-7f30fb9c9000 rw-p 00cd6000 08:02 9700690                    /app/extra/android-studio/jre/jre/lib/amd64/server/libjvm.so
7f30fb9c9000-7f30fba0f000 rw-p 00000000 00:00 0 
7f30fba0f000-7f30fba31000 r--p 00000000 08:02 6560970                    /usr/lib/x86_64-linux-gnu/libc-2.31.so
7f30fba31000-7f30fbb81000 r-xp 00022000 08:02 6560970                    /usr/lib/x86_64-linux-gnu/libc-2.31.so
7f30fbb81000-7f30fbbcf000 r--p 00172000 08:02 6560970                    /usr/lib/x86_64-linux-gnu/libc-2.31.so
7f30fbbcf000-7f30fbbd0000 ---p 001c0000 08:02 6560970                    /usr/lib/x86_64-linux-gnu/libc-2.31.so
7f30fbbd0000-7f30fbbd4000 r--p 001c0000 08:02 6560970                    /usr/lib/x86_64-linux-gnu/libc-2.31.so
7f30fbbd4000-7f30fbbd6000 rw-p 001c4000 08:02 6560970                    /usr/lib/x86_64-linux-gnu/libc-2.31.so
7f30fbbd6000-7f30fbbda000 rw-p 00000000 00:00 0 
7f30fbbda000-7f30fbbdb000 r--p 00000000 08:02 6560974                    /usr/lib/x86_64-linux-gnu/libdl-2.31.so
7f30fbbdb000-7f30fbbdd000 r-xp 00001000 08:02 6560974                    /usr/lib/x86_64-linux-gnu/libdl-2.31.so
7f30fbbdd000-7f30fbbde000 r--p 00003000 08:02 6560974                    /usr/lib/x86_64-linux-gnu/libdl-2.31.so
7f30fbbde000-7f30fbbdf000 r--p 00003000 08:02 6560974                    /usr/lib/x86_64-linux-gnu/libdl-2.31.so
7f30fbbdf000-7f30fbbe0000 rw-p 00004000 08:02 6560974                    /usr/lib/x86_64-linux-gnu/libdl-2.31.so
7f30fbbe0000-7f30fbbf6000 r-xp 00000000 08:02 9700793                    /app/extra/android-studio/jre/lib/amd64/jli/libjli.so
7f30fbbf6000-7f30fbbf7000 r--p 00015000 08:02 9700793                    /app/extra/android-studio/jre/lib/amd64/jli/libjli.so
7f30fbbf7000-7f30fbbf8000 rw-p 00016000 08:02 9700793                    /app/extra/android-studio/jre/lib/amd64/jli/libjli.so
7f30fbbf8000-7f30fbbfe000 r--p 00000000 08:02 6561126                    /usr/lib/x86_64-linux-gnu/libpthread-2.31.so
7f30fbbfe000-7f30fbc0e000 r-xp 00006000 08:02 6561126                    /usr/lib/x86_64-linux-gnu/libpthread-2.31.so
7f30fbc0e000-7f30fbc14000 r--p 00016000 08:02 6561126                    /usr/lib/x86_64-linux-gnu/libpthread-2.31.so
7f30fbc14000-7f30fbc15000 r--p 0001b000 08:02 6561126                    /usr/lib/x86_64-linux-gnu/libpthread-2.31.so
7f30fbc15000-7f30fbc16000 rw-p 0001c000 08:02 6561126                    /usr/lib/x86_64-linux-gnu/libpthread-2.31.so
7f30fbc16000-7f30fbc1c000 rw-p 00000000 00:00 0 
7f30fbc1c000-7f30fbc1d000 r--p 00000000 08:02 6427729                    /usr/share/runtime/locale/uz/lib/uz_UZ.utf8/LC_IDENTIFICATION
7f30fbc1d000-7f30fbc25000 rw-s 00000000 00:31 1606791                    /tmp/hsperfdata_user/10710
7f30fbc25000-7f30fbc26000 rw-p 00000000 00:00 0 
7f30fbc26000-7f30fbc27000 r--p 00000000 08:02 6560885                    /usr/lib/x86_64-linux-gnu/ld-2.31.so
7f30fbc27000-7f30fbc48000 r-xp 00001000 08:02 6560885                    /usr/lib/x86_64-linux-gnu/ld-2.31.so
7f30fbc48000-7f30fbc50000 r--p 00022000 08:02 6560885                    /usr/lib/x86_64-linux-gnu/ld-2.31.so
7f30fbc50000-7f30fbc51000 ---p 00000000 00:00 0 
7f30fbc51000-7f30fbc52000 r--p 0002a000 08:02 6560885                    /usr/lib/x86_64-linux-gnu/ld-2.31.so
7f30fbc52000-7f30fbc53000 rw-p 0002b000 08:02 6560885                    /usr/lib/x86_64-linux-gnu/ld-2.31.so
7f30fbc53000-7f30fbc54000 rw-p 00000000 00:00 0 
7ffd30240000-7ffd30261000 rw-p 00000000 00:00 0                          [stack]
7ffd30262000-7ffd30264000 r--p 00000000 00:00 0                          [vvar]
7ffd30264000-7ffd30266000 r-xp 00000000 00:00 0                          [vdso]
ffffffffff600000-ffffffffff601000 r-xp 00000000 00:00 0                  [vsyscall]

VM Arguments:
jvm_args: -Xmx2048m -Dfile.encoding=UTF-8 -Djava.io.tmpdir=/home/user/.var/app/com.google.AndroidStudio/cache -Duser.country=RU -Duser.language=ru -Duser.variant -Djava.io.tmpdir=/home/user/.var/app/com.google.AndroidStudio/cache 
java_command: org.gradle.launcher.daemon.bootstrap.GradleDaemon 6.5
java_class_path (initial): /home/user/.gradle/wrapper/dists/gradle-6.5-bin/6nifqtx7604sqp1q6g8wikw7p/gradle-6.5/lib/gradle-launcher-6.5.jar
Launcher Type: SUN_STANDARD

Environment Variables:
JAVA_HOME=/app/extra/android-studio/jre
_JAVA_OPTIONS=-Djava.io.tmpdir=/home/user/.var/app/com.google.AndroidStudio/cache
PATH=/app/bin:/usr/bin:
SHELL=/bin/sh
DISPLAY=:99.0

Signal Handlers:
SIGSEGV: [libjvm.so+0xa13c80], sa_mask[0]=11111111011111111101111111111110, sa_flags=SA_RESTART|SA_SIGINFO
SIGBUS: [libjvm.so+0xa13c80], sa_mask[0]=11111111011111111101111111111110, sa_flags=SA_RESTART|SA_SIGINFO
SIGFPE: [libjvm.so+0x874670], sa_mask[0]=11111111011111111101111111111110, sa_flags=SA_RESTART|SA_SIGINFO
SIGPIPE: [libjvm.so+0x874670], sa_mask[0]=11111111011111111101111111111110, sa_flags=SA_RESTART|SA_SIGINFO
SIGXFSZ: [libjvm.so+0x874670], sa_mask[0]=11111111011111111101111111111110, sa_flags=SA_RESTART|SA_SIGINFO
SIGILL: [libjvm.so+0x874670], sa_mask[0]=11111111011111111101111111111110, sa_flags=SA_RESTART|SA_SIGINFO
SIGUSR1: SIG_DFL, sa_mask[0]=00000000000000000000000000000000, sa_flags=none
SIGUSR2: [libjvm.so+0x874540], sa_mask[0]=00100000000000000000000000000000, sa_flags=SA_RESTART|SA_SIGINFO
SIGHUP: SIG_IGN, sa_mask[0]=00000000000000000000000000000000, sa_flags=none
SIGINT: [libjvm.so+0x874730], sa_mask[0]=11111111011111111101111111111110, sa_flags=SA_RESTART|SA_SIGINFO
SIGTERM: [libjvm.so+0x874730], sa_mask[0]=11111111011111111101111111111110, sa_flags=SA_RESTART|SA_SIGINFO
SIGQUIT: [libjvm.so+0x874730], sa_mask[0]=11111111011111111101111111111110, sa_flags=SA_RESTART|SA_SIGINFO


---------------  S Y S T E M  ---------------

OS:NAME=Freedesktop.org
VERSION="20.08.5 (Flatpak runtime)"
VERSION_ID=20.08.5
ID=org.freedesktop.platform
PRETTY_NAME="Freedesktop.org 20.08.5 (Flatpak runtime)"
BUG_REPORT_URL=https://gitlab.com/freedesktop-sdk/freedesktop-sdk/issues

uname:Linux 4.10.0-38-generic #42~16.04.1-Ubuntu SMP Tue Oct 10 16:32:20 UTC 2017 x86_64
libc:glibc 2.31 NPTL 2.31 
rlimit: STACK 8192k, CORE 0k, NPROC 14879, NOFILE 1048576, AS infinity
load average:7.76 2.39 1.46

/proc/meminfo:
MemTotal:        3921232 kB
MemFree:          314548 kB
MemAvailable:     233896 kB
Buffers:             876 kB
Cached:            89272 kB
SwapCached:          284 kB
Active:          2868684 kB
Inactive:         497720 kB
Active(anon):    2858984 kB
Inactive(anon):   468956 kB
Active(file):       9700 kB
Inactive(file):    28764 kB
Unevictable:          32 kB
Mlocked:              32 kB
SwapTotal:       4071420 kB
SwapFree:         791944 kB
Dirty:                 4 kB
Writeback:            12 kB
AnonPages:       3276556 kB
Mapped:            31588 kB
Shmem:             51036 kB
Slab:              98496 kB
SReclaimable:      44768 kB
SUnreclaim:        53728 kB
KernelStack:       14320 kB
PageTables:        52964 kB
NFS_Unstable:          0 kB
Bounce:                0 kB
WritebackTmp:          0 kB
CommitLimit:     6032036 kB
Committed_AS:   11281624 kB
VmallocTotal:   34359738367 kB
VmallocUsed:           0 kB
VmallocChunk:          0 kB
HardwareCorrupted:     0 kB
AnonHugePages:    858112 kB
ShmemHugePages:        0 kB
ShmemPmdMapped:        0 kB
CmaTotal:              0 kB
CmaFree:               0 kB
HugePages_Total:       0
HugePages_Free:        0
HugePages_Rsvd:        0
HugePages_Surp:        0
Hugepagesize:       2048 kB
DirectMap4k:      226048 kB
DirectMap2M:     3846144 kB
DirectMap1G:     1048576 kB


CPU:total 4 (initial active 4) (2 cores per cpu, 2 threads per core) family 6 model 69 stepping 1, cmov, cx8, fxsr, mmx, sse, sse2, sse3, ssse3, sse4.1, sse4.2, popcnt, avx, avx2, aes, clmul, erms, lzcnt, ht, tsc, tscinvbit, bmi1, bmi2

/proc/cpuinfo:
processor	: 0
vendor_id	: GenuineIntel
cpu family	: 6
model		: 69
model name	: Intel(R) Core(TM) i3-4010U CPU @ 1.70GHz
stepping	: 1
microcode	: 0x17
cpu MHz		: 1681.530
cache size	: 3072 KB
physical id	: 0
siblings	: 4
core id		: 0
cpu cores	: 2
apicid		: 0
initial apicid	: 0
fpu		: yes
fpu_exception	: yes
cpuid level	: 13
wp		: yes
flags		: fpu vme de pse tsc msr pae mce cx8 apic sep mtrr pge mca cmov pat pse36 clflush dts acpi mmx fxsr sse sse2 ss ht tm pbe syscall nx pdpe1gb rdtscp lm constant_tsc arch_perfmon pebs bts rep_good nopl xtopology nonstop_tsc aperfmperf pni pclmulqdq dtes64 monitor ds_cpl vmx est tm2 ssse3 sdbg fma cx16 xtpr pdcm pcid sse4_1 sse4_2 x2apic movbe popcnt tsc_deadline_timer aes xsave avx f16c rdrand lahf_lm abm epb tpr_shadow vnmi flexpriority ept vpid fsgsbase tsc_adjust bmi1 avx2 smep bmi2 erms invpcid xsaveopt dtherm ida arat pln pts
bugs		:
bogomips	: 3391.92
clflush size	: 64
cache_alignment	: 64
address sizes	: 39 bits physical, 48 bits virtual
power management:

processor	: 1
vendor_id	: GenuineIntel
cpu family	: 6
model		: 69
model name	: Intel(R) Core(TM) i3-4010U CPU @ 1.70GHz
stepping	: 1
microcode	: 0x17
cpu MHz		: 1649.053
cache size	: 3072 KB
physical id	: 0
siblings	: 4
core id		: 0
cpu cores	: 2
apicid		: 1
initial apicid	: 1
fpu		: yes
fpu_exception	: yes
cpuid level	: 13
wp		: yes
flags		: fpu vme de pse tsc msr pae mce cx8 apic sep mtrr pge mca cmov pat pse36 clflush dts acpi mmx fxsr sse sse2 ss ht tm pbe syscall nx pdpe1gb rdtscp lm constant_tsc arch_perfmon pebs bts rep_good nopl xtopology nonstop_tsc aperfmperf pni pclmulqdq dtes64 monitor ds_cpl vmx est tm2 ssse3 sdbg fma cx16 xtpr pdcm pcid sse4_1 sse4_2 x2apic movbe popcnt tsc_deadline_timer aes xsave avx f16c rdrand lahf_lm abm epb tpr_shadow vnmi flexpriority ept vpid fsgsbase tsc_adjust bmi1 avx2 smep bmi2 erms invpcid xsaveopt dtherm ida arat pln pts
bugs		:
bogomips	: 3391.92
clflush size	: 64
cache_alignment	: 64
address sizes	: 39 bits physical, 48 bits virtual
power management:

processor	: 2
vendor_id	: GenuineIntel
cpu family	: 6
model		: 69
model name	: Intel(R) Core(TM) i3-4010U CPU @ 1.70GHz
stepping	: 1
microcode	: 0x17
cpu MHz		: 1624.151
cache size	: 3072 KB
physical id	: 0
siblings	: 4
core id		: 1
cpu cores	: 2
apicid		: 2
initial apicid	: 2
fpu		: yes
fpu_exception	: yes
cpuid level	: 13
wp		: yes
flags		: fpu vme de pse tsc msr pae mce cx8 apic sep mtrr pge mca cmov pat pse36 clflush dts acpi mmx fxsr sse sse2 ss ht tm pbe syscall nx pdpe1gb rdtscp lm constant_tsc arch_perfmon pebs bts rep_good nopl xtopology nonstop_tsc aperfmperf pni pclmulqdq dtes64 monitor ds_cpl vmx est tm2 ssse3 sdbg fma cx16 xtpr pdcm pcid sse4_1 sse4_2 x2apic movbe popcnt tsc_deadline_timer aes xsave avx f16c rdrand lahf_lm abm epb tpr_shadow vnmi flexpriority ept vpid fsgsbase tsc_adjust bmi1 avx2 smep bmi2 erms invpcid xsaveopt dtherm ida arat pln pts
bugs		:
bogomips	: 3391.92
clflush size	: 64
cache_alignment	: 64
address sizes	: 39 bits physical, 48 bits virtual
power management:

processor	: 3
vendor_id	: GenuineIntel
cpu family	: 6
model		: 69
model name	: Intel(R) Core(TM) i3-4010U CPU @ 1.70GHz
stepping	: 1
microcode	: 0x17
cpu MHz		: 1699.792
cache size	: 3072 KB
physical id	: 0
siblings	: 4
core id		: 1
cpu cores	: 2
apicid		: 3
initial apicid	: 3
fpu		: yes
fpu_exception	: yes
cpuid level	: 13
wp		: yes
flags		: fpu vme de pse tsc msr pae mce cx8 apic sep mtrr pge mca cmov pat pse36 clflush dts acpi mmx fxsr sse sse2 ss ht tm pbe syscall nx pdpe1gb rdtscp lm constant_tsc arch_perfmon pebs bts rep_good nopl xtopology nonstop_tsc aperfmperf pni pclmulqdq dtes64 monitor ds_cpl vmx est tm2 ssse3 sdbg fma cx16 xtpr pdcm pcid sse4_1 sse4_2 x2apic movbe popcnt tsc_deadline_timer aes xsave avx f16c rdrand lahf_lm abm epb tpr_shadow vnmi flexpriority ept vpid fsgsbase tsc_adjust bmi1 avx2 smep bmi2 erms invpcid xsaveopt dtherm ida arat pln pts
bugs		:
bogomips	: 3391.92
clflush size	: 64
cache_alignment	: 64
address sizes	: 39 bits physical, 48 bits virtual
power management:



Memory: 4k page, physical 3921232k(314424k free), swap 4071420k(791948k free)

vm_info: OpenJDK 64-Bit Server VM (25.242-b3-6222593) for linux-amd64 JRE (1.8.0_242-release-1644-b3-6222593), built by "android-build" with gcc 4.8

time: Thu Feb 25 07:29:32 2021
timezone: +05
elapsed time: 20 seconds (0d 0h 0m 20s)

